<?xml version="1.0" encoding="utf-8"?>
<TestRun id="992a5dd2-71fb-4efc-ab84-b5aba7454123" name="C278249@USE2DEVP00496 2022-08-04 11:43:43" runUser="EAD\C278249" xmlns="http://microsoft.com/schemas/VisualStudio/TeamTest/2010">
  <Times creation="2022-08-04T11:43:43.4545752+05:30" queuing="2022-08-04T11:43:43.4545752+05:30" start="2022-08-04T11:43:25.0621317+05:30" finish="2022-08-04T11:44:06.3917697+05:30" />
  <TestSettings name="default" id="0cda074f-6af8-44b7-bc01-b7e3248bd366">
    <Deployment runDeploymentRoot="C278249_USE2DEVP00496_2022-08-04_11_43_43" />
  </TestSettings>
  <Results>
    <UnitTestResult executionId="29a743cf-59a8-4506-977c-9cff7ca4d81b" testId="f6086eae-b56d-43b6-0ca7-dd94dbd107cf" testName="VerifySortByFilterOptions(&quot;Price High To Low&quot;,null)" computerName="USE2DEVP00496" duration="00:00:18.9810000" startTime="2022-08-04T11:43:46.9695813+05:30" endTime="2022-08-04T11:44:05.9507685+05:30" testType="13cdc9d9-ddb5-4fa4-a97d-d965ccfc6d4b" outcome="Failed" testListId="8c84fa94-04c1-424b-9868-57a2d4851a1d" relativeResultsDirectory="29a743cf-59a8-4506-977c-9cff7ca4d81b">
      <Output>
        <StdOut>path is: C:\BDDPracticeFramework\SnapDealTestProject&#xD;
Given I Open SnapDeal site&#xD;
-&gt; done: SnapDealStepDefinitions.GivenIOpenSnapDealSite() (5.0s)&#xD;
Then I verify search bar is displayed&#xD;
-&gt; done: SnapDealStepDefinitions.ThenIVerifySearchBarIsDisplayed() (0.1s)&#xD;
When I search for 'Perfumes'&#xD;
-&gt; error: unknown error: cannot determine loading status&#xD;
from unknown error: unexpected command response&#xD;
  (Session info: chrome=103.0.5060.134) (5.5s)&#xD;
Then I verify menu icon displayed&#xD;
-&gt; skipped because of previous errors&#xD;
When I apply 'Price High To Low' SortBy filter&#xD;
-&gt; skipped because of previous errors&#xD;
Then I verify 'Price High To Low' SortBy filter is applied&#xD;
-&gt; skipped because of previous errors&#xD;
path is: C:\BDDPracticeFramework\SnapDealTestProject&#xD;
Screenshot: file:///C:/BDDPracticeFramework/SnapDealTestProject/Screenshots/Verifysortbyfilteroptions_08-04-2022-11-44-01_ERROR.png</StdOut>
        <ErrorInfo>
          <Message>OpenQA.Selenium.WebDriverException : unknown error: cannot determine loading status&#xD;
from unknown error: unexpected command response&#xD;
  (Session info: chrome=103.0.5060.134)</Message>
          <StackTrace>   at OpenQA.Selenium.WebDriver.UnpackAndThrowOnError(Response errorResponse)&#xD;
   at OpenQA.Selenium.WebDriver.Execute(String driverCommandToExecute, Dictionary`2 parameters)&#xD;
   at OpenQA.Selenium.WebDriver.InternalExecute(String driverCommandToExecute, Dictionary`2 parameters)&#xD;
   at OpenQA.Selenium.WebElement.Execute(String commandToExecute, Dictionary`2 parameters)&#xD;
   at OpenQA.Selenium.WebElement.Click()&#xD;
   at SnapDealTestProject.Library.Extensions.DriverExtensions.Click(By elementBy) in C:\BDDPracticeFramework\SnapDealTestProject\Library\DriverExtensions\ClickExtensions.cs:line 16&#xD;
   at SnapDealTestProject.Components.HeaderComponent.ClickSearchButton[T]() in C:\BDDPracticeFramework\SnapDealTestProject\Components\HeaderComponent.cs:line 82&#xD;
   at SnapDealTestProject.Components.HeaderComponent.EnterSearchQueryAndClickSearch[T](String searchText) in C:\BDDPracticeFramework\SnapDealTestProject\Components\HeaderComponent.cs:line 43&#xD;
   at SnapDealTestProject.Steps.SnapDealStepDefinitions.WhenISearchFor(String product) in C:\BDDPracticeFramework\SnapDealTestProject\Steps\SnapDealStepDefinitions.cs:line 34&#xD;
   at lambda_method(Closure , IContextManager , String )&#xD;
   at TechTalk.SpecFlow.Bindings.BindingInvoker.InvokeBinding(IBinding binding, IContextManager contextManager, Object[] arguments, ITestTracer testTracer, TimeSpan&amp; duration)&#xD;
   at TechTalk.SpecFlow.Infrastructure.TestExecutionEngine.ExecuteStepMatch(BindingMatch match, Object[] arguments, TimeSpan&amp; duration)&#xD;
   at TechTalk.SpecFlow.Infrastructure.TestExecutionEngine.ExecuteStep(IContextManager contextManager, StepInstance stepInstance)&#xD;
   at TechTalk.SpecFlow.Infrastructure.TestExecutionEngine.OnAfterLastStep()&#xD;
   at TechTalk.SpecFlow.TestRunner.CollectScenarioErrors()&#xD;
   at SnapDealTestProject.Features.SnapDealFeature.ScenarioCleanup()&#xD;
   at SnapDealTestProject.Features.SnapDealFeature.VerifySortByFilterOptions(String filter, String[] exampleTags) in C:\BDDPracticeFramework\SnapDealTestProject\Features\SnapDeal.feature:line 11</StackTrace>
        </ErrorInfo>
      </Output>
      <ResultFiles>
        <ResultFile path="USE2DEVP00496\Verifysortbyfilteroptions_08-04-2022-11-44-01_ERROR.png" />
      </ResultFiles>
    </UnitTestResult>
    <UnitTestResult executionId="c085bcec-b88e-4bb7-b123-99b9e080e46b" testId="e83985a7-806b-673d-f050-42bf5bc8beb3" testName="TestingParallelism" computerName="USE2DEVP00496" duration="00:00:16.3880000" startTime="2022-08-04T11:43:26.3519079+05:30" endTime="2022-08-04T11:43:42.7395759+05:30" testType="13cdc9d9-ddb5-4fa4-a97d-d965ccfc6d4b" outcome="Passed" testListId="8c84fa94-04c1-424b-9868-57a2d4851a1d" relativeResultsDirectory="c085bcec-b88e-4bb7-b123-99b9e080e46b">
      <Output>
        <StdOut>path is: C:\BDDPracticeFramework\SnapDealTestProject&#xD;
Given I Open SnapDeal site&#xD;
-&gt; done: SnapDealStepDefinitions.GivenIOpenSnapDealSite() (7.4s)</StdOut>
      </Output>
    </UnitTestResult>
    <UnitTestResult executionId="87a11cf2-c66e-4ad7-b873-5dafa9517614" testId="8e0f11a9-14bd-9ab9-006a-2f5f5253209a" testName="VerifySortByFilterOptions(&quot;Price Low To High&quot;,null)" computerName="USE2DEVP00496" duration="00:00:20.6160000" startTime="2022-08-04T11:43:26.3519079+05:30" endTime="2022-08-04T11:43:46.9675774+05:30" testType="13cdc9d9-ddb5-4fa4-a97d-d965ccfc6d4b" outcome="Failed" testListId="8c84fa94-04c1-424b-9868-57a2d4851a1d" relativeResultsDirectory="87a11cf2-c66e-4ad7-b873-5dafa9517614">
      <Output>
        <StdOut>path is: C:\BDDPracticeFramework\SnapDealTestProject&#xD;
Given I Open SnapDeal site&#xD;
-&gt; done: SnapDealStepDefinitions.GivenIOpenSnapDealSite() (7.3s)&#xD;
Then I verify search bar is displayed&#xD;
-&gt; done: SnapDealStepDefinitions.ThenIVerifySearchBarIsDisplayed() (1.2s)&#xD;
When I search for 'Perfumes'&#xD;
-&gt; error: unknown error: cannot determine loading status&#xD;
from unknown error: unexpected command response&#xD;
  (Session info: chrome=103.0.5060.134) (3.6s)&#xD;
Then I verify menu icon displayed&#xD;
-&gt; skipped because of previous errors&#xD;
When I apply 'Price Low To High' SortBy filter&#xD;
-&gt; skipped because of previous errors&#xD;
Then I verify 'Price Low To High' SortBy filter is applied&#xD;
-&gt; skipped because of previous errors&#xD;
path is: C:\BDDPracticeFramework\SnapDealTestProject&#xD;
OpenQA.Selenium.WebDriverException: unknown error: unexpected command response&#xD;
  (Session info: chrome=103.0.5060.134)&#xD;
   at OpenQA.Selenium.WebDriver.UnpackAndThrowOnError(Response errorResponse)&#xD;
   at OpenQA.Selenium.WebDriver.Execute(String driverCommandToExecute, Dictionary`2 parameters)&#xD;
   at OpenQA.Selenium.WebDriver.GetScreenshot()&#xD;
   at SnapDealTestProject.Library.Extensions.DriverExtensions.GetScreenshot(String path) in C:\BDDPracticeFramework\SnapDealTestProject\Library\DriverExtensions\WebDriverExtensions.cs:line 127&#xD;
   at SnapDealTestProject.Hooks.Base.TearDown() in C:\BDDPracticeFramework\SnapDealTestProject\Hooks\Base.cs:line 54</StdOut>
        <ErrorInfo>
          <Message>OpenQA.Selenium.WebDriverException : unknown error: cannot determine loading status&#xD;
from unknown error: unexpected command response&#xD;
  (Session info: chrome=103.0.5060.134)</Message>
          <StackTrace>   at OpenQA.Selenium.WebDriver.UnpackAndThrowOnError(Response errorResponse)&#xD;
   at OpenQA.Selenium.WebDriver.Execute(String driverCommandToExecute, Dictionary`2 parameters)&#xD;
   at OpenQA.Selenium.WebDriver.InternalExecute(String driverCommandToExecute, Dictionary`2 parameters)&#xD;
   at OpenQA.Selenium.WebElement.Execute(String commandToExecute, Dictionary`2 parameters)&#xD;
   at OpenQA.Selenium.WebElement.Click()&#xD;
   at SnapDealTestProject.Library.Extensions.DriverExtensions.Click(By elementBy) in C:\BDDPracticeFramework\SnapDealTestProject\Library\DriverExtensions\ClickExtensions.cs:line 16&#xD;
   at SnapDealTestProject.Components.HeaderComponent.ClickSearchButton[T]() in C:\BDDPracticeFramework\SnapDealTestProject\Components\HeaderComponent.cs:line 82&#xD;
   at SnapDealTestProject.Components.HeaderComponent.EnterSearchQueryAndClickSearch[T](String searchText) in C:\BDDPracticeFramework\SnapDealTestProject\Components\HeaderComponent.cs:line 43&#xD;
   at SnapDealTestProject.Steps.SnapDealStepDefinitions.WhenISearchFor(String product) in C:\BDDPracticeFramework\SnapDealTestProject\Steps\SnapDealStepDefinitions.cs:line 34&#xD;
   at lambda_method(Closure , IContextManager , String )&#xD;
   at TechTalk.SpecFlow.Bindings.BindingInvoker.InvokeBinding(IBinding binding, IContextManager contextManager, Object[] arguments, ITestTracer testTracer, TimeSpan&amp; duration)&#xD;
   at TechTalk.SpecFlow.Infrastructure.TestExecutionEngine.ExecuteStepMatch(BindingMatch match, Object[] arguments, TimeSpan&amp; duration)&#xD;
   at TechTalk.SpecFlow.Infrastructure.TestExecutionEngine.ExecuteStep(IContextManager contextManager, StepInstance stepInstance)&#xD;
   at TechTalk.SpecFlow.Infrastructure.TestExecutionEngine.OnAfterLastStep()&#xD;
   at TechTalk.SpecFlow.TestRunner.CollectScenarioErrors()&#xD;
   at SnapDealTestProject.Features.SnapDealFeature.ScenarioCleanup()&#xD;
   at SnapDealTestProject.Features.SnapDealFeature.VerifySortByFilterOptions(String filter, String[] exampleTags) in C:\BDDPracticeFramework\SnapDealTestProject\Features\SnapDeal.feature:line 11</StackTrace>
        </ErrorInfo>
      </Output>
    </UnitTestResult>
  </Results>
  <TestDefinitions>
    <UnitTest name="VerifySortByFilterOptions(&quot;Price Low To High&quot;,null)" storage="c:\bddpracticeframework\snapdealtestproject\bin\debug\net48\snapdealtestproject.dll" id="8e0f11a9-14bd-9ab9-006a-2f5f5253209a">
      <Execution id="87a11cf2-c66e-4ad7-b873-5dafa9517614" />
      <TestMethod codeBase="C:\BDDPracticeFramework\SnapDealTestProject\bin\Debug\net48\SnapDealTestProject.dll" adapterTypeName="executor://nunit3testexecutor/" className="SnapDealTestProject.Features.SnapDealFeature" name="VerifySortByFilterOptions(&quot;Price Low To High&quot;,null)" />
    </UnitTest>
    <UnitTest name="VerifySortByFilterOptions(&quot;Price High To Low&quot;,null)" storage="c:\bddpracticeframework\snapdealtestproject\bin\debug\net48\snapdealtestproject.dll" id="f6086eae-b56d-43b6-0ca7-dd94dbd107cf">
      <Execution id="29a743cf-59a8-4506-977c-9cff7ca4d81b" />
      <TestMethod codeBase="C:\BDDPracticeFramework\SnapDealTestProject\bin\Debug\net48\SnapDealTestProject.dll" adapterTypeName="executor://nunit3testexecutor/" className="SnapDealTestProject.Features.SnapDealFeature" name="VerifySortByFilterOptions(&quot;Price High To Low&quot;,null)" />
    </UnitTest>
    <UnitTest name="TestingParallelism" storage="c:\bddpracticeframework\snapdealtestproject\bin\debug\net48\snapdealtestproject.dll" id="e83985a7-806b-673d-f050-42bf5bc8beb3">
      <Execution id="c085bcec-b88e-4bb7-b123-99b9e080e46b" />
      <TestMethod codeBase="C:\BDDPracticeFramework\SnapDealTestProject\bin\Debug\net48\SnapDealTestProject.dll" adapterTypeName="executor://nunit3testexecutor/" className="SnapDealTestProject.Features.SpecFlowFeature2Feature" name="TestingParallelism" />
    </UnitTest>
  </TestDefinitions>
  <TestEntries>
    <TestEntry testId="f6086eae-b56d-43b6-0ca7-dd94dbd107cf" executionId="29a743cf-59a8-4506-977c-9cff7ca4d81b" testListId="8c84fa94-04c1-424b-9868-57a2d4851a1d" />
    <TestEntry testId="e83985a7-806b-673d-f050-42bf5bc8beb3" executionId="c085bcec-b88e-4bb7-b123-99b9e080e46b" testListId="8c84fa94-04c1-424b-9868-57a2d4851a1d" />
    <TestEntry testId="8e0f11a9-14bd-9ab9-006a-2f5f5253209a" executionId="87a11cf2-c66e-4ad7-b873-5dafa9517614" testListId="8c84fa94-04c1-424b-9868-57a2d4851a1d" />
  </TestEntries>
  <TestLists>
    <TestList name="Results Not in a List" id="8c84fa94-04c1-424b-9868-57a2d4851a1d" />
    <TestList name="All Loaded Results" id="19431567-8539-422a-85d7-44ee4e166bda" />
  </TestLists>
  <ResultSummary outcome="Failed">
    <Counters total="3" executed="3" passed="1" failed="2" error="0" timeout="0" aborted="0" inconclusive="0" passedButRunAborted="0" notRunnable="0" notExecuted="0" disconnected="0" warning="0" completed="0" inProgress="0" pending="0" />
    <Output>
      <StdOut>NUnit Adapter 4.2.0.0: Test execution started&#xD;
Running selected tests in C:\BDDPracticeFramework\SnapDealTestProject\bin\Debug\net48\SnapDealTestProject.dll&#xD;
   NUnit3TestExecutor discovered 3 of 3 NUnit test cases using Current Discovery mode, Non-Explicit run&#xD;
NUnit Adapter 4.2.0.0: Test execution complete&#xD;
</StdOut>
    </Output>
    <RunInfos>
      <RunInfo computerName="USE2DEVP00496" outcome="Warning" timestamp="2022-08-04T11:43:42.7585738+05:30">
        <Text>path is: C:\BDDPracticeFramework\SnapDealTestProject&#xD;
Given I Open SnapDeal site&#xD;
-&gt; done: SnapDealStepDefinitions.GivenIOpenSnapDealSite() (7.4s)&#xD;
</Text>
      </RunInfo>
      <RunInfo computerName="USE2DEVP00496" outcome="Warning" timestamp="2022-08-04T11:43:46.9695813+05:30">
        <Text>path is: C:\BDDPracticeFramework\SnapDealTestProject&#xD;
Given I Open SnapDeal site&#xD;
-&gt; done: SnapDealStepDefinitions.GivenIOpenSnapDealSite() (7.3s)&#xD;
Then I verify search bar is displayed&#xD;
-&gt; done: SnapDealStepDefinitions.ThenIVerifySearchBarIsDisplayed() (1.2s)&#xD;
When I search for 'Perfumes'&#xD;
-&gt; error: unknown error: cannot determine loading status&#xD;
from unknown error: unexpected command response&#xD;
  (Session info: chrome=103.0.5060.134) (3.6s)&#xD;
Then I verify menu icon displayed&#xD;
-&gt; skipped because of previous errors&#xD;
When I apply 'Price Low To High' SortBy filter&#xD;
-&gt; skipped because of previous errors&#xD;
Then I verify 'Price Low To High' SortBy filter is applied&#xD;
-&gt; skipped because of previous errors&#xD;
path is: C:\BDDPracticeFramework\SnapDealTestProject&#xD;
OpenQA.Selenium.WebDriverException: unknown error: unexpected command response&#xD;
  (Session info: chrome=103.0.5060.134)&#xD;
   at OpenQA.Selenium.WebDriver.UnpackAndThrowOnError(Response errorResponse)&#xD;
   at OpenQA.Selenium.WebDriver.Execute(String driverCommandToExecute, Dictionary`2 parameters)&#xD;
   at OpenQA.Selenium.WebDriver.GetScreenshot()&#xD;
   at SnapDealTestProject.Library.Extensions.DriverExtensions.GetScreenshot(String path) in C:\BDDPracticeFramework\SnapDealTestProject\Library\DriverExtensions\WebDriverExtensions.cs:line 127&#xD;
   at SnapDealTestProject.Hooks.Base.TearDown() in C:\BDDPracticeFramework\SnapDealTestProject\Hooks\Base.cs:line 54&#xD;
</Text>
      </RunInfo>
      <RunInfo computerName="USE2DEVP00496" outcome="Warning" timestamp="2022-08-04T11:44:05.9527667+05:30">
        <Text>path is: C:\BDDPracticeFramework\SnapDealTestProject&#xD;
Given I Open SnapDeal site&#xD;
-&gt; done: SnapDealStepDefinitions.GivenIOpenSnapDealSite() (5.0s)&#xD;
Then I verify search bar is displayed&#xD;
-&gt; done: SnapDealStepDefinitions.ThenIVerifySearchBarIsDisplayed() (0.1s)&#xD;
When I search for 'Perfumes'&#xD;
-&gt; error: unknown error: cannot determine loading status&#xD;
from unknown error: unexpected command response&#xD;
  (Session info: chrome=103.0.5060.134) (5.5s)&#xD;
Then I verify menu icon displayed&#xD;
-&gt; skipped because of previous errors&#xD;
When I apply 'Price High To Low' SortBy filter&#xD;
-&gt; skipped because of previous errors&#xD;
Then I verify 'Price High To Low' SortBy filter is applied&#xD;
-&gt; skipped because of previous errors&#xD;
path is: C:\BDDPracticeFramework\SnapDealTestProject&#xD;
Screenshot: file:///C:/BDDPracticeFramework/SnapDealTestProject/Screenshots/Verifysortbyfilteroptions_08-04-2022-11-44-01_ERROR.png&#xD;
</Text>
      </RunInfo>
    </RunInfos>
  </ResultSummary>
</TestRun>