<?xml version="1.0" encoding="utf-8"?>
<TestRun id="cad0b99e-8b14-4ad5-a26d-a52d73c6427b" name="C278249@USE2DEVP00496 2022-08-01 18:54:31" runUser="EAD\C278249" xmlns="http://microsoft.com/schemas/VisualStudio/TeamTest/2010">
  <Times creation="2022-08-01T18:54:31.2204063+05:30" queuing="2022-08-01T18:54:31.2204063+05:30" start="2022-08-01T18:52:59.9338965+05:30" finish="2022-08-01T18:56:35.5193897+05:30" />
  <TestSettings name="default" id="0b26fe76-0e2c-4445-9a5e-6ff52eabbcdf">
    <Deployment runDeploymentRoot="C278249_USE2DEVP00496_2022-08-01_18_54_31" />
  </TestSettings>
  <Results>
    <UnitTestResult executionId="e27a6ba7-fa16-4d32-96a8-5bba2f6aa3e8" testId="e83985a7-806b-673d-f050-42bf5bc8beb3" testName="TestingParallelism" computerName="USE2DEVP00496" duration="00:03:33.9160000" startTime="2022-08-01T18:53:01.1028993+05:30" endTime="2022-08-01T18:56:35.0193884+05:30" testType="13cdc9d9-ddb5-4fa4-a97d-d965ccfc6d4b" outcome="Failed" testListId="8c84fa94-04c1-424b-9868-57a2d4851a1d" relativeResultsDirectory="e27a6ba7-fa16-4d32-96a8-5bba2f6aa3e8">
      <Output>
        <StdOut>path is: C:\BDDPracticeFramework\SnapDealTestProject&#xD;
Given I Open SnapDeal site&#xD;
-&gt; error: The HTTP request to the remote WebDriver server for URL http://localhost:60332/session/4ce12605f8774c7f5c4377ba8a48cea3/url timed out after 60 seconds. (60.1s)&#xD;
path is: C:\BDDPracticeFramework\SnapDealTestProject&#xD;
OpenQA.Selenium.WebDriverException: The HTTP request to the remote WebDriver server for URL http://localhost:60332/session/4ce12605f8774c7f5c4377ba8a48cea3/screenshot timed out after 60 seconds. ---&gt; System.Threading.Tasks.TaskCanceledException: A task was canceled.&#xD;
   at System.Runtime.CompilerServices.TaskAwaiter.ThrowForNonSuccess(Task task)&#xD;
   at System.Runtime.CompilerServices.TaskAwaiter.HandleNonSuccessAndDebuggerNotification(Task task)&#xD;
   at System.Runtime.CompilerServices.TaskAwaiter`1.GetResult()&#xD;
   at OpenQA.Selenium.Remote.HttpCommandExecutor.&lt;MakeHttpRequest&gt;d__35.MoveNext()&#xD;
--- End of stack trace from previous location where exception was thrown ---&#xD;
   at System.Runtime.CompilerServices.TaskAwaiter.ThrowForNonSuccess(Task task)&#xD;
   at System.Runtime.CompilerServices.TaskAwaiter.HandleNonSuccessAndDebuggerNotification(Task task)&#xD;
   at System.Runtime.CompilerServices.TaskAwaiter`1.GetResult()&#xD;
   at OpenQA.Selenium.Remote.HttpCommandExecutor.Execute(Command commandToExecute)&#xD;
   --- End of inner exception stack trace ---&#xD;
   at OpenQA.Selenium.Remote.HttpCommandExecutor.Execute(Command commandToExecute)&#xD;
   at OpenQA.Selenium.Remote.DriverServiceCommandExecutor.Execute(Command commandToExecute)&#xD;
   at OpenQA.Selenium.WebDriver.Execute(String driverCommandToExecute, Dictionary`2 parameters)&#xD;
   at OpenQA.Selenium.WebDriver.GetScreenshot()&#xD;
   at SnapDealTestProject.Library.Extensions.DriverExtensions.GetScreenshot(String path) in C:\BDDPracticeFramework\SnapDealTestProject\Library\DriverExtensions\WebDriverExtensions.cs:line 127&#xD;
   at SnapDealTestProject.Hooks.Base.TearDown() in C:\BDDPracticeFramework\SnapDealTestProject\Hooks\Base.cs:line 44</StdOut>
        <ErrorInfo>
          <Message>OpenQA.Selenium.WebDriverException : The HTTP request to the remote WebDriver server for URL http://localhost:60332/session/4ce12605f8774c7f5c4377ba8a48cea3/url timed out after 60 seconds.&#xD;
  ----&gt; System.Threading.Tasks.TaskCanceledException : A task was canceled.</Message>
          <StackTrace>   at OpenQA.Selenium.Remote.HttpCommandExecutor.Execute(Command commandToExecute)&#xD;
   at OpenQA.Selenium.Remote.DriverServiceCommandExecutor.Execute(Command commandToExecute)&#xD;
   at OpenQA.Selenium.WebDriver.Execute(String driverCommandToExecute, Dictionary`2 parameters)&#xD;
   at OpenQA.Selenium.WebDriver.set_Url(String value)&#xD;
   at OpenQA.Selenium.Navigator.GoToUrl(String url)&#xD;
   at SnapDealTestProject.Library.Extensions.DriverExtensions.GoToUrl(String url) in C:\BDDPracticeFramework\SnapDealTestProject\Library\DriverExtensions\NavigationExtensions.cs:line 9&#xD;
   at SnapDealTestProject.Pages.HomePage.NavigateToApplication() in C:\BDDPracticeFramework\SnapDealTestProject\Pages\HomePage.cs:line 21&#xD;
   at SnapDealTestProject.Steps.SnapDealStepDefinitions.GivenIOpenSnapDealSite() in C:\BDDPracticeFramework\SnapDealTestProject\Steps\SnapDealStepDefinitions.cs:line 28&#xD;
   at lambda_method(Closure , IContextManager )&#xD;
   at TechTalk.SpecFlow.Bindings.BindingInvoker.InvokeBinding(IBinding binding, IContextManager contextManager, Object[] arguments, ITestTracer testTracer, TimeSpan&amp; duration)&#xD;
   at TechTalk.SpecFlow.Infrastructure.TestExecutionEngine.ExecuteStepMatch(BindingMatch match, Object[] arguments, TimeSpan&amp; duration)&#xD;
   at TechTalk.SpecFlow.Infrastructure.TestExecutionEngine.ExecuteStep(IContextManager contextManager, StepInstance stepInstance)&#xD;
   at TechTalk.SpecFlow.Infrastructure.TestExecutionEngine.OnAfterLastStep()&#xD;
   at TechTalk.SpecFlow.TestRunner.CollectScenarioErrors()&#xD;
   at SnapDealTestProject.Features.SpecFlowFeature2Feature.ScenarioCleanup()&#xD;
   at SnapDealTestProject.Features.SpecFlowFeature2Feature.TestingParallelism() in C:\BDDPracticeFramework\SnapDealTestProject\Features\SpecFlowFeature2.feature:line 6&#xD;
--TaskCanceledException&#xD;
   at System.Runtime.CompilerServices.TaskAwaiter.ThrowForNonSuccess(Task task)&#xD;
   at System.Runtime.CompilerServices.TaskAwaiter.HandleNonSuccessAndDebuggerNotification(Task task)&#xD;
   at System.Runtime.CompilerServices.TaskAwaiter`1.GetResult()&#xD;
   at OpenQA.Selenium.Remote.HttpCommandExecutor.&lt;MakeHttpRequest&gt;d__35.MoveNext()&#xD;
--- End of stack trace from previous location where exception was thrown ---&#xD;
   at System.Runtime.CompilerServices.TaskAwaiter.ThrowForNonSuccess(Task task)&#xD;
   at System.Runtime.CompilerServices.TaskAwaiter.HandleNonSuccessAndDebuggerNotification(Task task)&#xD;
   at System.Runtime.CompilerServices.TaskAwaiter`1.GetResult()&#xD;
   at OpenQA.Selenium.Remote.HttpCommandExecutor.Execute(Command commandToExecute)</StackTrace>
        </ErrorInfo>
      </Output>
    </UnitTestResult>
    <UnitTestResult executionId="7fc34ce4-1470-4aa7-a43c-a6ab1926bb8f" testId="cf572abd-d502-d2e0-ce09-3b856bfce869" testName="VerifySnapDealHomePageHasAllNeceesaryIcons" computerName="USE2DEVP00496" duration="00:01:30.0800000" startTime="2022-08-01T18:53:01.1049005+05:30" endTime="2022-08-01T18:54:31.1844068+05:30" testType="13cdc9d9-ddb5-4fa4-a97d-d965ccfc6d4b" outcome="Failed" testListId="8c84fa94-04c1-424b-9868-57a2d4851a1d" relativeResultsDirectory="7fc34ce4-1470-4aa7-a43c-a6ab1926bb8f">
      <Output>
        <StdOut>path is: C:\BDDPracticeFramework\SnapDealTestProject&#xD;
Given I Open SnapDeal site&#xD;
-&gt; error: The HTTP request to the remote WebDriver server for URL http://localhost:60331/session/7ad0e00da22f7f36c80c3454b23f964d/url timed out after 60 seconds. (60.0s)&#xD;
Then I verify the icons displayed on the home page&#xD;
-&gt; skipped because of previous errors&#xD;
path is: C:\BDDPracticeFramework\SnapDealTestProject&#xD;
Screenshot: file:///C:/BDDPracticeFramework/SnapDealTestProject/Screenshots/VerifySnapDealhomepagehasallneceesaryicons_08-01-2022-06-54-12_ERROR.png</StdOut>
        <ErrorInfo>
          <Message>OpenQA.Selenium.WebDriverException : The HTTP request to the remote WebDriver server for URL http://localhost:60331/session/7ad0e00da22f7f36c80c3454b23f964d/url timed out after 60 seconds.&#xD;
  ----&gt; System.Threading.Tasks.TaskCanceledException : A task was canceled.</Message>
          <StackTrace>   at OpenQA.Selenium.Remote.HttpCommandExecutor.Execute(Command commandToExecute)&#xD;
   at OpenQA.Selenium.Remote.DriverServiceCommandExecutor.Execute(Command commandToExecute)&#xD;
   at OpenQA.Selenium.WebDriver.Execute(String driverCommandToExecute, Dictionary`2 parameters)&#xD;
   at OpenQA.Selenium.WebDriver.set_Url(String value)&#xD;
   at OpenQA.Selenium.Navigator.GoToUrl(String url)&#xD;
   at SnapDealTestProject.Library.Extensions.DriverExtensions.GoToUrl(String url) in C:\BDDPracticeFramework\SnapDealTestProject\Library\DriverExtensions\NavigationExtensions.cs:line 9&#xD;
   at SnapDealTestProject.Pages.HomePage.NavigateToApplication() in C:\BDDPracticeFramework\SnapDealTestProject\Pages\HomePage.cs:line 21&#xD;
   at SnapDealTestProject.Steps.SnapDealStepDefinitions.GivenIOpenSnapDealSite() in C:\BDDPracticeFramework\SnapDealTestProject\Steps\SnapDealStepDefinitions.cs:line 28&#xD;
   at lambda_method(Closure , IContextManager )&#xD;
   at TechTalk.SpecFlow.Bindings.BindingInvoker.InvokeBinding(IBinding binding, IContextManager contextManager, Object[] arguments, ITestTracer testTracer, TimeSpan&amp; duration)&#xD;
   at TechTalk.SpecFlow.Infrastructure.TestExecutionEngine.ExecuteStepMatch(BindingMatch match, Object[] arguments, TimeSpan&amp; duration)&#xD;
   at TechTalk.SpecFlow.Infrastructure.TestExecutionEngine.ExecuteStep(IContextManager contextManager, StepInstance stepInstance)&#xD;
   at TechTalk.SpecFlow.Infrastructure.TestExecutionEngine.OnAfterLastStep()&#xD;
   at TechTalk.SpecFlow.TestRunner.CollectScenarioErrors()&#xD;
   at SnapDealTestProject.Features.SnapDealFeature.ScenarioCleanup()&#xD;
   at SnapDealTestProject.Features.SnapDealFeature.VerifySnapDealHomePageHasAllNeceesaryIcons() in C:\BDDPracticeFramework\SnapDealTestProject\Features\SnapDeal.feature:line 16&#xD;
--TaskCanceledException&#xD;
   at System.Runtime.CompilerServices.TaskAwaiter.ThrowForNonSuccess(Task task)&#xD;
   at System.Runtime.CompilerServices.TaskAwaiter.HandleNonSuccessAndDebuggerNotification(Task task)&#xD;
   at System.Runtime.CompilerServices.TaskAwaiter`1.GetResult()&#xD;
   at OpenQA.Selenium.Remote.HttpCommandExecutor.&lt;MakeHttpRequest&gt;d__35.MoveNext()&#xD;
--- End of stack trace from previous location where exception was thrown ---&#xD;
   at System.Runtime.CompilerServices.TaskAwaiter.ThrowForNonSuccess(Task task)&#xD;
   at System.Runtime.CompilerServices.TaskAwaiter.HandleNonSuccessAndDebuggerNotification(Task task)&#xD;
   at System.Runtime.CompilerServices.TaskAwaiter`1.GetResult()&#xD;
   at OpenQA.Selenium.Remote.HttpCommandExecutor.Execute(Command commandToExecute)</StackTrace>
        </ErrorInfo>
      </Output>
    </UnitTestResult>
    <UnitTestResult executionId="7efb5168-e06e-4792-ad7f-cabe120b6d3b" testId="0c14bfb0-219d-c933-8de7-3315f1dd063d" testName="VerifySortByFilterOptions" computerName="USE2DEVP00496" duration="00:00:19.7660000" startTime="2022-08-01T18:54:31.1904061+05:30" endTime="2022-08-01T18:54:50.9566248+05:30" testType="13cdc9d9-ddb5-4fa4-a97d-d965ccfc6d4b" outcome="Passed" testListId="8c84fa94-04c1-424b-9868-57a2d4851a1d" relativeResultsDirectory="7efb5168-e06e-4792-ad7f-cabe120b6d3b">
      <Output>
        <StdOut>path is: C:\BDDPracticeFramework\SnapDealTestProject&#xD;
Given I Open SnapDeal site&#xD;
-&gt; done: SnapDealStepDefinitions.GivenIOpenSnapDealSite() (5.4s)&#xD;
Then I verify search bar is displayed&#xD;
-&gt; done: SnapDealStepDefinitions.ThenIVerifySearchBarIsDisplayed() (1.5s)&#xD;
When I search for 'Perfumes'&#xD;
-&gt; done: SnapDealStepDefinitions.WhenISearchFor("Perfumes") (6.3s)&#xD;
Then I verify menu icon displayed&#xD;
-&gt; done: SnapDealStepDefinitions.ThenIVerifyMenuIconDisplayed() (0.2s)&#xD;
When I apply 'Price Low To High' SortBy filter&#xD;
-&gt; done: SnapDealStepDefinitions.WhenIApplySortByFilter(PriceLowToHigh) (0.9s)&#xD;
Then I verify 'Price Low To High' SortBy filter is applied&#xD;
-&gt; done: SnapDealStepDefinitions.ThenIVerifySortByFilterIsApplied(PriceLowToHigh) (0.1s)</StdOut>
      </Output>
    </UnitTestResult>
  </Results>
  <TestDefinitions>
    <UnitTest name="VerifySnapDealHomePageHasAllNeceesaryIcons" storage="c:\bddpracticeframework\snapdealtestproject\bin\debug\net48\snapdealtestproject.dll" id="cf572abd-d502-d2e0-ce09-3b856bfce869">
      <Execution id="7fc34ce4-1470-4aa7-a43c-a6ab1926bb8f" />
      <TestMethod codeBase="C:\BDDPracticeFramework\SnapDealTestProject\bin\Debug\net48\SnapDealTestProject.dll" adapterTypeName="executor://nunit3testexecutor/" className="SnapDealTestProject.Features.SnapDealFeature" name="VerifySnapDealHomePageHasAllNeceesaryIcons" />
    </UnitTest>
    <UnitTest name="TestingParallelism" storage="c:\bddpracticeframework\snapdealtestproject\bin\debug\net48\snapdealtestproject.dll" id="e83985a7-806b-673d-f050-42bf5bc8beb3">
      <Execution id="e27a6ba7-fa16-4d32-96a8-5bba2f6aa3e8" />
      <TestMethod codeBase="C:\BDDPracticeFramework\SnapDealTestProject\bin\Debug\net48\SnapDealTestProject.dll" adapterTypeName="executor://nunit3testexecutor/" className="SnapDealTestProject.Features.SpecFlowFeature2Feature" name="TestingParallelism" />
    </UnitTest>
    <UnitTest name="VerifySortByFilterOptions" storage="c:\bddpracticeframework\snapdealtestproject\bin\debug\net48\snapdealtestproject.dll" id="0c14bfb0-219d-c933-8de7-3315f1dd063d">
      <Execution id="7efb5168-e06e-4792-ad7f-cabe120b6d3b" />
      <TestMethod codeBase="C:\BDDPracticeFramework\SnapDealTestProject\bin\Debug\net48\SnapDealTestProject.dll" adapterTypeName="executor://nunit3testexecutor/" className="SnapDealTestProject.Features.SnapDealFeature" name="VerifySortByFilterOptions" />
    </UnitTest>
  </TestDefinitions>
  <TestEntries>
    <TestEntry testId="e83985a7-806b-673d-f050-42bf5bc8beb3" executionId="e27a6ba7-fa16-4d32-96a8-5bba2f6aa3e8" testListId="8c84fa94-04c1-424b-9868-57a2d4851a1d" />
    <TestEntry testId="cf572abd-d502-d2e0-ce09-3b856bfce869" executionId="7fc34ce4-1470-4aa7-a43c-a6ab1926bb8f" testListId="8c84fa94-04c1-424b-9868-57a2d4851a1d" />
    <TestEntry testId="0c14bfb0-219d-c933-8de7-3315f1dd063d" executionId="7efb5168-e06e-4792-ad7f-cabe120b6d3b" testListId="8c84fa94-04c1-424b-9868-57a2d4851a1d" />
  </TestEntries>
  <TestLists>
    <TestList name="Results Not in a List" id="8c84fa94-04c1-424b-9868-57a2d4851a1d" />
    <TestList name="All Loaded Results" id="19431567-8539-422a-85d7-44ee4e166bda" />
  </TestLists>
  <ResultSummary outcome="Failed">
    <Counters total="3" executed="3" passed="1" failed="2" error="0" timeout="0" aborted="0" inconclusive="0" passedButRunAborted="0" notRunnable="0" notExecuted="0" disconnected="0" warning="0" completed="0" inProgress="0" pending="0" />
    <Output>
      <StdOut>NUnit Adapter 4.2.0.0: Test execution started&#xD;
Running all tests in C:\BDDPracticeFramework\SnapDealTestProject\bin\Debug\net48\SnapDealTestProject.dll&#xD;
   NUnit3TestExecutor discovered 3 of 3 NUnit test cases using Current Discovery mode, Non-Explicit run&#xD;
NUnit Adapter 4.2.0.0: Test execution complete&#xD;
</StdOut>
    </Output>
    <RunInfos>
      <RunInfo computerName="USE2DEVP00496" outcome="Warning" timestamp="2022-08-01T18:54:31.2034078+05:30">
        <Text>path is: C:\BDDPracticeFramework\SnapDealTestProject&#xD;
Given I Open SnapDeal site&#xD;
-&gt; error: The HTTP request to the remote WebDriver server for URL http://localhost:60331/session/7ad0e00da22f7f36c80c3454b23f964d/url timed out after 60 seconds. (60.0s)&#xD;
Then I verify the icons displayed on the home page&#xD;
-&gt; skipped because of previous errors&#xD;
path is: C:\BDDPracticeFramework\SnapDealTestProject&#xD;
Screenshot: file:///C:/BDDPracticeFramework/SnapDealTestProject/Screenshots/VerifySnapDealhomepagehasallneceesaryicons_08-01-2022-06-54-12_ERROR.png&#xD;
</Text>
      </RunInfo>
      <RunInfo computerName="USE2DEVP00496" outcome="Warning" timestamp="2022-08-01T18:54:50.9576252+05:30">
        <Text>path is: C:\BDDPracticeFramework\SnapDealTestProject&#xD;
Given I Open SnapDeal site&#xD;
-&gt; done: SnapDealStepDefinitions.GivenIOpenSnapDealSite() (5.4s)&#xD;
Then I verify search bar is displayed&#xD;
-&gt; done: SnapDealStepDefinitions.ThenIVerifySearchBarIsDisplayed() (1.5s)&#xD;
When I search for 'Perfumes'&#xD;
-&gt; done: SnapDealStepDefinitions.WhenISearchFor("Perfumes") (6.3s)&#xD;
Then I verify menu icon displayed&#xD;
-&gt; done: SnapDealStepDefinitions.ThenIVerifyMenuIconDisplayed() (0.2s)&#xD;
When I apply 'Price Low To High' SortBy filter&#xD;
-&gt; done: SnapDealStepDefinitions.WhenIApplySortByFilter(PriceLowToHigh) (0.9s)&#xD;
Then I verify 'Price Low To High' SortBy filter is applied&#xD;
-&gt; done: SnapDealStepDefinitions.ThenIVerifySortByFilterIsApplied(PriceLowToHigh) (0.1s)&#xD;
</Text>
      </RunInfo>
      <RunInfo computerName="USE2DEVP00496" outcome="Warning" timestamp="2022-08-01T18:56:35.0203892+05:30">
        <Text>path is: C:\BDDPracticeFramework\SnapDealTestProject&#xD;
Given I Open SnapDeal site&#xD;
-&gt; error: The HTTP request to the remote WebDriver server for URL http://localhost:60332/session/4ce12605f8774c7f5c4377ba8a48cea3/url timed out after 60 seconds. (60.1s)&#xD;
path is: C:\BDDPracticeFramework\SnapDealTestProject&#xD;
OpenQA.Selenium.WebDriverException: The HTTP request to the remote WebDriver server for URL http://localhost:60332/session/4ce12605f8774c7f5c4377ba8a48cea3/screenshot timed out after 60 seconds. ---&gt; System.Threading.Tasks.TaskCanceledException: A task was canceled.&#xD;
   at System.Runtime.CompilerServices.TaskAwaiter.ThrowForNonSuccess(Task task)&#xD;
   at System.Runtime.CompilerServices.TaskAwaiter.HandleNonSuccessAndDebuggerNotification(Task task)&#xD;
   at System.Runtime.CompilerServices.TaskAwaiter`1.GetResult()&#xD;
   at OpenQA.Selenium.Remote.HttpCommandExecutor.&lt;MakeHttpRequest&gt;d__35.MoveNext()&#xD;
--- End of stack trace from previous location where exception was thrown ---&#xD;
   at System.Runtime.CompilerServices.TaskAwaiter.ThrowForNonSuccess(Task task)&#xD;
   at System.Runtime.CompilerServices.TaskAwaiter.HandleNonSuccessAndDebuggerNotification(Task task)&#xD;
   at System.Runtime.CompilerServices.TaskAwaiter`1.GetResult()&#xD;
   at OpenQA.Selenium.Remote.HttpCommandExecutor.Execute(Command commandToExecute)&#xD;
   --- End of inner exception stack trace ---&#xD;
   at OpenQA.Selenium.Remote.HttpCommandExecutor.Execute(Command commandToExecute)&#xD;
   at OpenQA.Selenium.Remote.DriverServiceCommandExecutor.Execute(Command commandToExecute)&#xD;
   at OpenQA.Selenium.WebDriver.Execute(String driverCommandToExecute, Dictionary`2 parameters)&#xD;
   at OpenQA.Selenium.WebDriver.GetScreenshot()&#xD;
   at SnapDealTestProject.Library.Extensions.DriverExtensions.GetScreenshot(String path) in C:\BDDPracticeFramework\SnapDealTestProject\Library\DriverExtensions\WebDriverExtensions.cs:line 127&#xD;
   at SnapDealTestProject.Hooks.Base.TearDown() in C:\BDDPracticeFramework\SnapDealTestProject\Hooks\Base.cs:line 44&#xD;
</Text>
      </RunInfo>
    </RunInfos>
  </ResultSummary>
</TestRun>