<?xml version="1.0" encoding="utf-8"?>
<TestRun id="95da3ecd-8d36-4520-8445-46957798b38c" name="C278249@USE2DEVP00496 2022-07-27 16:03:54" runUser="EAD\C278249" xmlns="http://microsoft.com/schemas/VisualStudio/TeamTest/2010">
  <Times creation="2022-07-27T16:03:54.5150236+05:30" queuing="2022-07-27T16:03:54.5150236+05:30" start="2022-07-27T16:03:32.6539864+05:30" finish="2022-07-27T16:04:47.5280681+05:30" />
  <TestSettings name="default" id="133b45a6-f661-4d45-ada5-1b337ea79d4f">
    <Deployment runDeploymentRoot="C278249_USE2DEVP00496_2022-07-27_16_03_54" />
  </TestSettings>
  <Results>
    <UnitTestResult executionId="1f85f834-9900-4a16-9185-e96471da1b31" testId="2a1227ee-0a5c-a262-1ccf-c7088f61db43" testName="Verify sort by filter options retry #2" computerName="USE2DEVP00496" duration="00:00:18.6629881" startTime="2022-07-27T16:04:16.0720479+05:30" endTime="2022-07-27T16:04:34.7350360+05:30" testType="13cdc9d9-ddb5-4fa4-a97d-d965ccfc6d4b" outcome="Passed" testListId="8c84fa94-04c1-424b-9868-57a2d4851a1d" relativeResultsDirectory="1f85f834-9900-4a16-9185-e96471da1b31">
      <Output>
        <StdOut>-&gt; path is: C:\BDDPracticeFramework\SnapDealTestProject&#xD;
&#xD;
Given I Open SnapDeal site&#xD;
-&gt; done: SnapDealStepDefinitions.GivenIOpenSnapDealSite() (4.7s)&#xD;
&#xD;
Then I verify search bar is displayed&#xD;
-&gt; done: SnapDealStepDefinitions.ThenIVerifySearchBarIsDisplayed() (2.6s)&#xD;
&#xD;
When I search for 'Perfumes'&#xD;
-&gt; done: SnapDealStepDefinitions.WhenISearchFor("Perfumes") (5.6s)&#xD;
&#xD;
Then I verify menu icon displayed&#xD;
-&gt; done: SnapDealStepDefinitions.ThenIVerifyMenuIconDisplayed() (0.0s)&#xD;
&#xD;
When I apply 'Price Low To High' SortBy filter&#xD;
-&gt; done: SnapDealStepDefinitions.WhenIApplySortByFilter(PriceLowToHigh) (0.4s)&#xD;
&#xD;
Then I verify 'Price Low To High' SortBy filter is applied&#xD;
-&gt; done: SnapDealStepDefinitions.ThenIVerifySortByFilterIsApplied(PriceLowToHigh) (0.0s)</StdOut>
      </Output>
    </UnitTestResult>
    <UnitTestResult executionId="ee6bdf08-8864-41a7-b34e-b082d4b21987" testId="2a1227ee-0a5c-a262-1ccf-c7088f61db43" testName="Verify sort by filter options" computerName="USE2DEVP00496" duration="00:00:20.2149916" startTime="2022-07-27T16:03:34.2749869+05:30" endTime="2022-07-27T16:03:54.4899785+05:30" testType="13cdc9d9-ddb5-4fa4-a97d-d965ccfc6d4b" outcome="Failed" testListId="8c84fa94-04c1-424b-9868-57a2d4851a1d" relativeResultsDirectory="ee6bdf08-8864-41a7-b34e-b082d4b21987">
      <Output>
        <StdOut>-&gt; -&gt; Loading plugin C:\BDDPracticeFramework\SnapDealTestProject\bin\Debug\net48\LivingDoc.SpecFlowPlugin.dll&#xD;
-&gt; -&gt; Loading plugin C:\BDDPracticeFramework\SnapDealTestProject\bin\Debug\net48\ReportPortal.SpecFlowPlugin.dll&#xD;
-&gt; -&gt; Loading plugin C:\BDDPracticeFramework\SnapDealTestProject\bin\Debug\net48\SpecRun.Runtime.SpecFlowPlugin.dll&#xD;
-&gt; -&gt; Loading plugin C:\BDDPracticeFramework\SnapDealTestProject\bin\Debug\net48\SnapDealTestProject.dll&#xD;
-&gt; -&gt; Using default config&#xD;
&#xD;
&#xD;
-&gt; path is: C:\BDDPracticeFramework\SnapDealTestProject&#xD;
&#xD;
Given I Open SnapDeal site&#xD;
-&gt; done: SnapDealStepDefinitions.GivenIOpenSnapDealSite() (5.2s)&#xD;
&#xD;
Then I verify search bar is displayed&#xD;
-&gt; done: SnapDealStepDefinitions.ThenIVerifySearchBarIsDisplayed() (0.7s)&#xD;
&#xD;
When I search for 'Perfumes'&#xD;
-&gt; error: unknown error: cannot determine loading status
-&gt; from unknown error: unexpected command response
-&gt;   (Session info: chrome=103.0.5060.134) (6.8s)&#xD;
&#xD;
Then I verify menu icon displayed&#xD;
-&gt; skipped because of previous errors&#xD;
&#xD;
When I apply 'Price Low To High' SortBy filter&#xD;
-&gt; skipped because of previous errors&#xD;
&#xD;
Then I verify 'Price Low To High' SortBy filter is applied&#xD;
-&gt; skipped because of previous errors&#xD;
&#xD;
&#xD;
-&gt; path is: C:\BDDPracticeFramework\SnapDealTestProject</StdOut>
        <StdErr>unknown error: cannot determine loading status
from unknown error: unexpected command response
  (Session info: chrome=103.0.5060.134)&#xD;
OpenQA.Selenium.WebDriverException: unknown error: cannot determine loading status
from unknown error: unexpected command response
  (Session info: chrome=103.0.5060.134)&#xD;
   at OpenQA.Selenium.WebDriver.UnpackAndThrowOnError(Response errorResponse)&#xD;
   at OpenQA.Selenium.WebDriver.Execute(String driverCommandToExecute, Dictionary`2 parameters)&#xD;
   at OpenQA.Selenium.WebDriver.InternalExecute(String driverCommandToExecute, Dictionary`2 parameters)&#xD;
   at OpenQA.Selenium.WebElement.Execute(String commandToExecute, Dictionary`2 parameters)&#xD;
   at OpenQA.Selenium.WebElement.Click()&#xD;
   at SnapDealTestProject.Library.Extensions.DriverExtensions.Click(By elementBy) in C:\BDDPracticeFramework\SnapDealTestProject\Library\DriverExtensions\ClickExtensions.cs:line 16&#xD;
   at SnapDealTestProject.Components.HeaderComponent.ClickSearchButton[T]() in C:\BDDPracticeFramework\SnapDealTestProject\Components\HeaderComponent.cs:line 82&#xD;
   at SnapDealTestProject.Components.HeaderComponent.EnterSearchQueryAndClickSearch[T](String searchText) in C:\BDDPracticeFramework\SnapDealTestProject\Components\HeaderComponent.cs:line 43&#xD;
   at SnapDealTestProject.Steps.SnapDealStepDefinitions.WhenISearchFor(String product) in C:\BDDPracticeFramework\SnapDealTestProject\Steps\SnapDealStepDefinitions.cs:line 34&#xD;
   at lambda_method(Closure , IContextManager , String )&#xD;
   at TechTalk.SpecFlow.Bindings.BindingInvoker.InvokeBinding(IBinding binding, IContextManager contextManager, Object[] arguments, ITestTracer testTracer, TimeSpan&amp; duration)&#xD;
   at ReportPortal.SpecFlowPlugin.SafeBindingInvoker.InvokeBinding(IBinding binding, IContextManager contextManager, Object[] arguments, ITestTracer testTracer, TimeSpan&amp; duration)&#xD;
   at ReportPortal.SpecFlowPlugin.SafeBindingInvoker.InvokeBinding(IBinding binding, IContextManager contextManager, Object[] arguments, ITestTracer testTracer, TimeSpan&amp; duration)&#xD;
   at TechTalk.SpecFlow.Infrastructure.TestExecutionEngine.ExecuteStepMatch(BindingMatch match, Object[] arguments, TimeSpan&amp; duration)&#xD;
   at TechTalk.SpecRun.SpecFlowPlugin.Runtime.RunnerTestExecutionEngine.ExecuteStepMatch(BindingMatch match, Object[] arguments, TimeSpan&amp; duration)&#xD;
   at TechTalk.SpecFlow.Infrastructure.TestExecutionEngine.ExecuteStep(IContextManager contextManager, StepInstance stepInstance)&#xD;
   at TechTalk.SpecFlow.Infrastructure.TestExecutionEngine.OnAfterLastStep()&#xD;
   at TechTalk.SpecRun.SpecFlowPlugin.Runtime.RunnerTestExecutionEngine.OnAfterLastStep()&#xD;
   at TechTalk.SpecFlow.TestRunner.CollectScenarioErrors()&#xD;
   at SnapDealTestProject.Features.SnapDealFeature.ScenarioCleanup()&#xD;
   at SnapDealTestProject.Features.SnapDealFeature.VerifySortByFilterOptions() in C:\BDDPracticeFramework\SnapDealTestProject\Features\SnapDeal.feature:line 11&#xD;
   at TechTalk.SpecRun.Framework.TaskExecutors.StaticOrInstanceMethodExecutor.ExecuteInternal(ITestThreadExecutionContext testThreadExecutionContext)&#xD;
   at TechTalk.SpecRun.Framework.TaskExecutors.StaticOrInstanceMethodExecutor.Execute(ITestThreadExecutionContext testThreadExecutionContext)&#xD;
   at TechTalk.SpecRun.Framework.TestNodeTask.Execute()</StdErr>
        <ErrorInfo>
          <Message>unknown error: cannot determine loading status
from unknown error: unexpected command response
  (Session info: chrome=103.0.5060.134)</Message>
          <StackTrace>OpenQA.Selenium.WebDriverException: unknown error: cannot determine loading status
from unknown error: unexpected command response
  (Session info: chrome=103.0.5060.134)&#xD;
   at OpenQA.Selenium.WebDriver.UnpackAndThrowOnError(Response errorResponse)&#xD;
   at OpenQA.Selenium.WebDriver.Execute(String driverCommandToExecute, Dictionary`2 parameters)&#xD;
   at OpenQA.Selenium.WebDriver.InternalExecute(String driverCommandToExecute, Dictionary`2 parameters)&#xD;
   at OpenQA.Selenium.WebElement.Execute(String commandToExecute, Dictionary`2 parameters)&#xD;
   at OpenQA.Selenium.WebElement.Click()&#xD;
   at SnapDealTestProject.Library.Extensions.DriverExtensions.Click(By elementBy) in C:\BDDPracticeFramework\SnapDealTestProject\Library\DriverExtensions\ClickExtensions.cs:line 16&#xD;
   at SnapDealTestProject.Components.HeaderComponent.ClickSearchButton[T]() in C:\BDDPracticeFramework\SnapDealTestProject\Components\HeaderComponent.cs:line 82&#xD;
   at SnapDealTestProject.Components.HeaderComponent.EnterSearchQueryAndClickSearch[T](String searchText) in C:\BDDPracticeFramework\SnapDealTestProject\Components\HeaderComponent.cs:line 43&#xD;
   at SnapDealTestProject.Steps.SnapDealStepDefinitions.WhenISearchFor(String product) in C:\BDDPracticeFramework\SnapDealTestProject\Steps\SnapDealStepDefinitions.cs:line 34&#xD;
   at lambda_method(Closure , IContextManager , String )&#xD;
   at TechTalk.SpecFlow.Bindings.BindingInvoker.InvokeBinding(IBinding binding, IContextManager contextManager, Object[] arguments, ITestTracer testTracer, TimeSpan&amp; duration)&#xD;
   at ReportPortal.SpecFlowPlugin.SafeBindingInvoker.InvokeBinding(IBinding binding, IContextManager contextManager, Object[] arguments, ITestTracer testTracer, TimeSpan&amp; duration)&#xD;
   at ReportPortal.SpecFlowPlugin.SafeBindingInvoker.InvokeBinding(IBinding binding, IContextManager contextManager, Object[] arguments, ITestTracer testTracer, TimeSpan&amp; duration)&#xD;
   at TechTalk.SpecFlow.Infrastructure.TestExecutionEngine.ExecuteStepMatch(BindingMatch match, Object[] arguments, TimeSpan&amp; duration)&#xD;
   at TechTalk.SpecRun.SpecFlowPlugin.Runtime.RunnerTestExecutionEngine.ExecuteStepMatch(BindingMatch match, Object[] arguments, TimeSpan&amp; duration)&#xD;
   at TechTalk.SpecFlow.Infrastructure.TestExecutionEngine.ExecuteStep(IContextManager contextManager, StepInstance stepInstance)&#xD;
   at TechTalk.SpecFlow.Infrastructure.TestExecutionEngine.OnAfterLastStep()&#xD;
   at TechTalk.SpecRun.SpecFlowPlugin.Runtime.RunnerTestExecutionEngine.OnAfterLastStep()&#xD;
   at TechTalk.SpecFlow.TestRunner.CollectScenarioErrors()&#xD;
   at SnapDealTestProject.Features.SnapDealFeature.ScenarioCleanup()&#xD;
   at SnapDealTestProject.Features.SnapDealFeature.VerifySortByFilterOptions() in C:\BDDPracticeFramework\SnapDealTestProject\Features\SnapDeal.feature:line 11&#xD;
   at TechTalk.SpecRun.Framework.TaskExecutors.StaticOrInstanceMethodExecutor.ExecuteInternal(ITestThreadExecutionContext testThreadExecutionContext)&#xD;
   at TechTalk.SpecRun.Framework.TaskExecutors.StaticOrInstanceMethodExecutor.Execute(ITestThreadExecutionContext testThreadExecutionContext)&#xD;
   at TechTalk.SpecRun.Framework.TestNodeTask.Execute()</StackTrace>
        </ErrorInfo>
      </Output>
    </UnitTestResult>
    <UnitTestResult executionId="f19ad0de-dac0-4a06-9466-ee92de12e69f" testId="5aa3b06b-e2be-7749-d3da-14f08b01673d" testName="Verify SnapDeal home page has all neceesary icons" computerName="USE2DEVP00496" duration="00:00:09.9749459" startTime="2022-07-27T16:04:34.7360363+05:30" endTime="2022-07-27T16:04:44.7109822+05:30" testType="13cdc9d9-ddb5-4fa4-a97d-d965ccfc6d4b" outcome="Passed" testListId="8c84fa94-04c1-424b-9868-57a2d4851a1d" relativeResultsDirectory="f19ad0de-dac0-4a06-9466-ee92de12e69f">
      <Output>
        <StdOut>-&gt; path is: C:\BDDPracticeFramework\SnapDealTestProject&#xD;
&#xD;
Given I Open SnapDeal site&#xD;
-&gt; done: SnapDealStepDefinitions.GivenIOpenSnapDealSite() (4.3s)&#xD;
&#xD;
Then I verify the icons displayed on the home page&#xD;
-&gt; done: SnapDealStepDefinitions.ThenIVerifyTheIconsDisplayedOnTheHomePage() (1.5s)</StdOut>
      </Output>
    </UnitTestResult>
    <UnitTestResult executionId="095ae03b-7b24-42e3-85bb-09e0f1fd5123" testId="2a1227ee-0a5c-a262-1ccf-c7088f61db43" testName="Verify sort by filter options retry #1" computerName="USE2DEVP00496" duration="00:00:21.5770688" startTime="2022-07-27T16:03:54.4929787+05:30" endTime="2022-07-27T16:04:16.0700475+05:30" testType="13cdc9d9-ddb5-4fa4-a97d-d965ccfc6d4b" outcome="Failed" testListId="8c84fa94-04c1-424b-9868-57a2d4851a1d" relativeResultsDirectory="095ae03b-7b24-42e3-85bb-09e0f1fd5123">
      <Output>
        <StdOut>-&gt; path is: C:\BDDPracticeFramework\SnapDealTestProject&#xD;
&#xD;
Given I Open SnapDeal site&#xD;
-&gt; done: SnapDealStepDefinitions.GivenIOpenSnapDealSite() (5.7s)&#xD;
&#xD;
Then I verify search bar is displayed&#xD;
-&gt; done: SnapDealStepDefinitions.ThenIVerifySearchBarIsDisplayed() (1.4s)&#xD;
&#xD;
When I search for 'Perfumes'&#xD;
-&gt; error: unknown error: cannot determine loading status
-&gt; from unknown error: unexpected command response
-&gt;   (Session info: chrome=103.0.5060.134) (4.2s)&#xD;
&#xD;
Then I verify menu icon displayed&#xD;
-&gt; skipped because of previous errors&#xD;
&#xD;
When I apply 'Price Low To High' SortBy filter&#xD;
-&gt; skipped because of previous errors&#xD;
&#xD;
Then I verify 'Price Low To High' SortBy filter is applied&#xD;
-&gt; skipped because of previous errors&#xD;
&#xD;
&#xD;
-&gt; path is: C:\BDDPracticeFramework\SnapDealTestProject</StdOut>
        <StdErr>unknown error: cannot determine loading status
from unknown error: unexpected command response
  (Session info: chrome=103.0.5060.134)&#xD;
OpenQA.Selenium.WebDriverException: unknown error: cannot determine loading status
from unknown error: unexpected command response
  (Session info: chrome=103.0.5060.134)&#xD;
   at OpenQA.Selenium.WebDriver.UnpackAndThrowOnError(Response errorResponse)&#xD;
   at OpenQA.Selenium.WebDriver.Execute(String driverCommandToExecute, Dictionary`2 parameters)&#xD;
   at OpenQA.Selenium.WebDriver.InternalExecute(String driverCommandToExecute, Dictionary`2 parameters)&#xD;
   at OpenQA.Selenium.WebElement.Execute(String commandToExecute, Dictionary`2 parameters)&#xD;
   at OpenQA.Selenium.WebElement.Click()&#xD;
   at SnapDealTestProject.Library.Extensions.DriverExtensions.Click(By elementBy) in C:\BDDPracticeFramework\SnapDealTestProject\Library\DriverExtensions\ClickExtensions.cs:line 16&#xD;
   at SnapDealTestProject.Components.HeaderComponent.ClickSearchButton[T]() in C:\BDDPracticeFramework\SnapDealTestProject\Components\HeaderComponent.cs:line 82&#xD;
   at SnapDealTestProject.Components.HeaderComponent.EnterSearchQueryAndClickSearch[T](String searchText) in C:\BDDPracticeFramework\SnapDealTestProject\Components\HeaderComponent.cs:line 43&#xD;
   at SnapDealTestProject.Steps.SnapDealStepDefinitions.WhenISearchFor(String product) in C:\BDDPracticeFramework\SnapDealTestProject\Steps\SnapDealStepDefinitions.cs:line 34&#xD;
   at lambda_method(Closure , IContextManager , String )&#xD;
   at TechTalk.SpecFlow.Bindings.BindingInvoker.InvokeBinding(IBinding binding, IContextManager contextManager, Object[] arguments, ITestTracer testTracer, TimeSpan&amp; duration)&#xD;
   at ReportPortal.SpecFlowPlugin.SafeBindingInvoker.InvokeBinding(IBinding binding, IContextManager contextManager, Object[] arguments, ITestTracer testTracer, TimeSpan&amp; duration)&#xD;
   at ReportPortal.SpecFlowPlugin.SafeBindingInvoker.InvokeBinding(IBinding binding, IContextManager contextManager, Object[] arguments, ITestTracer testTracer, TimeSpan&amp; duration)&#xD;
   at TechTalk.SpecFlow.Infrastructure.TestExecutionEngine.ExecuteStepMatch(BindingMatch match, Object[] arguments, TimeSpan&amp; duration)&#xD;
   at TechTalk.SpecRun.SpecFlowPlugin.Runtime.RunnerTestExecutionEngine.ExecuteStepMatch(BindingMatch match, Object[] arguments, TimeSpan&amp; duration)&#xD;
   at TechTalk.SpecFlow.Infrastructure.TestExecutionEngine.ExecuteStep(IContextManager contextManager, StepInstance stepInstance)&#xD;
   at TechTalk.SpecFlow.Infrastructure.TestExecutionEngine.OnAfterLastStep()&#xD;
   at TechTalk.SpecRun.SpecFlowPlugin.Runtime.RunnerTestExecutionEngine.OnAfterLastStep()&#xD;
   at TechTalk.SpecFlow.TestRunner.CollectScenarioErrors()&#xD;
   at SnapDealTestProject.Features.SnapDealFeature.ScenarioCleanup()&#xD;
   at SnapDealTestProject.Features.SnapDealFeature.VerifySortByFilterOptions() in C:\BDDPracticeFramework\SnapDealTestProject\Features\SnapDeal.feature:line 11&#xD;
   at TechTalk.SpecRun.Framework.TaskExecutors.StaticOrInstanceMethodExecutor.ExecuteInternal(ITestThreadExecutionContext testThreadExecutionContext)&#xD;
   at TechTalk.SpecRun.Framework.TaskExecutors.StaticOrInstanceMethodExecutor.Execute(ITestThreadExecutionContext testThreadExecutionContext)&#xD;
   at TechTalk.SpecRun.Framework.TestNodeTask.Execute()</StdErr>
        <ErrorInfo>
          <Message>unknown error: cannot determine loading status
from unknown error: unexpected command response
  (Session info: chrome=103.0.5060.134)</Message>
          <StackTrace>OpenQA.Selenium.WebDriverException: unknown error: cannot determine loading status
from unknown error: unexpected command response
  (Session info: chrome=103.0.5060.134)&#xD;
   at OpenQA.Selenium.WebDriver.UnpackAndThrowOnError(Response errorResponse)&#xD;
   at OpenQA.Selenium.WebDriver.Execute(String driverCommandToExecute, Dictionary`2 parameters)&#xD;
   at OpenQA.Selenium.WebDriver.InternalExecute(String driverCommandToExecute, Dictionary`2 parameters)&#xD;
   at OpenQA.Selenium.WebElement.Execute(String commandToExecute, Dictionary`2 parameters)&#xD;
   at OpenQA.Selenium.WebElement.Click()&#xD;
   at SnapDealTestProject.Library.Extensions.DriverExtensions.Click(By elementBy) in C:\BDDPracticeFramework\SnapDealTestProject\Library\DriverExtensions\ClickExtensions.cs:line 16&#xD;
   at SnapDealTestProject.Components.HeaderComponent.ClickSearchButton[T]() in C:\BDDPracticeFramework\SnapDealTestProject\Components\HeaderComponent.cs:line 82&#xD;
   at SnapDealTestProject.Components.HeaderComponent.EnterSearchQueryAndClickSearch[T](String searchText) in C:\BDDPracticeFramework\SnapDealTestProject\Components\HeaderComponent.cs:line 43&#xD;
   at SnapDealTestProject.Steps.SnapDealStepDefinitions.WhenISearchFor(String product) in C:\BDDPracticeFramework\SnapDealTestProject\Steps\SnapDealStepDefinitions.cs:line 34&#xD;
   at lambda_method(Closure , IContextManager , String )&#xD;
   at TechTalk.SpecFlow.Bindings.BindingInvoker.InvokeBinding(IBinding binding, IContextManager contextManager, Object[] arguments, ITestTracer testTracer, TimeSpan&amp; duration)&#xD;
   at ReportPortal.SpecFlowPlugin.SafeBindingInvoker.InvokeBinding(IBinding binding, IContextManager contextManager, Object[] arguments, ITestTracer testTracer, TimeSpan&amp; duration)&#xD;
   at ReportPortal.SpecFlowPlugin.SafeBindingInvoker.InvokeBinding(IBinding binding, IContextManager contextManager, Object[] arguments, ITestTracer testTracer, TimeSpan&amp; duration)&#xD;
   at TechTalk.SpecFlow.Infrastructure.TestExecutionEngine.ExecuteStepMatch(BindingMatch match, Object[] arguments, TimeSpan&amp; duration)&#xD;
   at TechTalk.SpecRun.SpecFlowPlugin.Runtime.RunnerTestExecutionEngine.ExecuteStepMatch(BindingMatch match, Object[] arguments, TimeSpan&amp; duration)&#xD;
   at TechTalk.SpecFlow.Infrastructure.TestExecutionEngine.ExecuteStep(IContextManager contextManager, StepInstance stepInstance)&#xD;
   at TechTalk.SpecFlow.Infrastructure.TestExecutionEngine.OnAfterLastStep()&#xD;
   at TechTalk.SpecRun.SpecFlowPlugin.Runtime.RunnerTestExecutionEngine.OnAfterLastStep()&#xD;
   at TechTalk.SpecFlow.TestRunner.CollectScenarioErrors()&#xD;
   at SnapDealTestProject.Features.SnapDealFeature.ScenarioCleanup()&#xD;
   at SnapDealTestProject.Features.SnapDealFeature.VerifySortByFilterOptions() in C:\BDDPracticeFramework\SnapDealTestProject\Features\SnapDeal.feature:line 11&#xD;
   at TechTalk.SpecRun.Framework.TaskExecutors.StaticOrInstanceMethodExecutor.ExecuteInternal(ITestThreadExecutionContext testThreadExecutionContext)&#xD;
   at TechTalk.SpecRun.Framework.TaskExecutors.StaticOrInstanceMethodExecutor.Execute(ITestThreadExecutionContext testThreadExecutionContext)&#xD;
   at TechTalk.SpecRun.Framework.TestNodeTask.Execute()</StackTrace>
        </ErrorInfo>
      </Output>
    </UnitTestResult>
  </Results>
  <TestDefinitions>
    <UnitTest name="Verify sort by filter options in SnapDeal" storage="c:\bddpracticeframework\snapdealtestproject\bin\debug\net48\snapdealtestproject.dll" id="2a1227ee-0a5c-a262-1ccf-c7088f61db43">
      <Execution id="ee6bdf08-8864-41a7-b34e-b082d4b21987" />
      <TestMethod codeBase="C:\BDDPracticeFramework\SnapDealTestProject\bin\Debug\net48\SnapDealTestProject.dll" adapterTypeName="executor://specrun/executorV3.9.31" className="SnapDealTestProject.SnapDeal" name="#()::TestAssembly:SnapDealTestProject/Feature:SnapDeal/Scenario:Verify+sort+by+filter+options" />
    </UnitTest>
    <UnitTest name="Verify SnapDeal home page has all neceesary icons in SnapDeal" storage="c:\bddpracticeframework\snapdealtestproject\bin\debug\net48\snapdealtestproject.dll" id="5aa3b06b-e2be-7749-d3da-14f08b01673d">
      <Execution id="f19ad0de-dac0-4a06-9466-ee92de12e69f" />
      <TestMethod codeBase="C:\BDDPracticeFramework\SnapDealTestProject\bin\Debug\net48\SnapDealTestProject.dll" adapterTypeName="executor://specrun/executorV3.9.31" className="SnapDealTestProject.SnapDeal" name="#()::TestAssembly:SnapDealTestProject/Feature:SnapDeal/Scenario:Verify+SnapDeal+home+page+has+all+neceesary+icons" />
    </UnitTest>
  </TestDefinitions>
  <TestEntries>
    <TestEntry testId="2a1227ee-0a5c-a262-1ccf-c7088f61db43" executionId="1f85f834-9900-4a16-9185-e96471da1b31" testListId="8c84fa94-04c1-424b-9868-57a2d4851a1d" />
    <TestEntry testId="2a1227ee-0a5c-a262-1ccf-c7088f61db43" executionId="ee6bdf08-8864-41a7-b34e-b082d4b21987" testListId="8c84fa94-04c1-424b-9868-57a2d4851a1d" />
    <TestEntry testId="5aa3b06b-e2be-7749-d3da-14f08b01673d" executionId="f19ad0de-dac0-4a06-9466-ee92de12e69f" testListId="8c84fa94-04c1-424b-9868-57a2d4851a1d" />
    <TestEntry testId="2a1227ee-0a5c-a262-1ccf-c7088f61db43" executionId="095ae03b-7b24-42e3-85bb-09e0f1fd5123" testListId="8c84fa94-04c1-424b-9868-57a2d4851a1d" />
  </TestEntries>
  <TestLists>
    <TestList name="Results Not in a List" id="8c84fa94-04c1-424b-9868-57a2d4851a1d" />
    <TestList name="All Loaded Results" id="19431567-8539-422a-85d7-44ee4e166bda" />
  </TestLists>
  <ResultSummary outcome="Failed">
    <Counters total="4" executed="4" passed="2" failed="2" error="0" timeout="0" aborted="0" inconclusive="0" passedButRunAborted="0" notRunnable="0" notExecuted="0" disconnected="0" warning="0" completed="0" inProgress="0" pending="0" />
    <Output>
      <StdOut>SpecFlow+Runner execution started&#xD;
SpecFlow+Runner 3.9.31 in Framework clr40 in x86 mode execution started&#xD;
TestAdapter Location: C:\BDDPracticeFramework\SnapDealTestProject\bin\Debug\net48\TechTalk.SpecRun.VisualStudio.TestAdapter.dll&#xD;
Current UserName: 'C278249', MachineName: 'USE2DEVP00496'&#xD;
SpecRun: running tests in C:\BDDPracticeFramework\SnapDealTestProject\bin\Debug\net48\SnapDealTestProject.dll&#xD;
Output folder configured to "C:\BDDPracticeFramework\SnapDealTestProject\TestResults" (default)&#xD;
Profile: &#xD;
Log file path: C:\BDDPracticeFramework\SnapDealTestProject\TestResults\Unnamed project__2022-07-27T160333.log&#xD;
Checking activation&#xD;
Activation check completed&#xD;
Starting test run&#xD;
Discovering target: Default&#xD;
Discovering tests from assembly: C:\BDDPracticeFramework\SnapDealTestProject\bin\Debug\net48\SnapDealTestProject.dll&#xD;
Discovered tests from assembly: C:\BDDPracticeFramework\SnapDealTestProject\bin\Debug\net48\SnapDealTestProject.dll&#xD;
Scenario: Verify sort by filter options in SnapDeal -&gt; Failed on thread #0&#xD;
Scenario: Verify sort by filter options in SnapDeal -&gt; Failed on thread #0&#xD;
Scenario: Verify sort by filter options in SnapDeal -&gt; Succeeded on thread #0&#xD;
Scenario: Verify SnapDeal home page has all neceesary icons in SnapDeal -&gt; Succeeded on thread #0&#xD;
test run finished&#xD;
publishing test results&#xD;
test results published&#xD;
generating reports&#xD;
Starting external report generation process&#xD;
Successfully generated reports.&#xD;
Successfully generated reports&#xD;
Result: 1 failed (1 randomly failed)&#xD;
  Total: 2 (test executions: 4)&#xD;
  Succeeded: 1&#xD;
  Ignored: 0&#xD;
  Pending: 0&#xD;
  Skipped: 0&#xD;
  Failed: 1&#xD;
&#xD;
  Execution Time: 00:01:12.0876929&#xD;
Report file: file:///C:/BDDPracticeFramework/SnapDealTestProject/TestResults/Unnamed%20project__2022-07-27T160333.html&#xD;
Adding attachments to VSTest&#xD;
adding Test Execution Report 'C:\BDDPracticeFramework\SnapDealTestProject\TestResults\Unnamed project__2022-07-27T160333.html'&#xD;
Log file: file:///C:/BDDPracticeFramework/SnapDealTestProject/TestResults/Unnamed%20project__2022-07-27T160333.log&#xD;
SpecFlow+Runner execution finished&#xD;
</StdOut>
    </Output>
    <RunInfos>
      <RunInfo computerName="USE2DEVP00496" outcome="Error" timestamp="2022-07-27T16:03:54.5029778+05:30">
        <Text>	[ERROR] unknown error: cannot determine loading status
from unknown error: unexpected command response
  (Session info: chrome=103.0.5060.134)</Text>
      </RunInfo>
      <RunInfo computerName="USE2DEVP00496" outcome="Error" timestamp="2022-07-27T16:04:16.0710482+05:30">
        <Text>	[ERROR] unknown error: cannot determine loading status
from unknown error: unexpected command response
  (Session info: chrome=103.0.5060.134)</Text>
      </RunInfo>
    </RunInfos>
    <ResultFiles>
      <ResultFile path="USE2DEVP00496\Unnamed project__2022-07-27T160333.log" />
      <ResultFile path="USE2DEVP00496\Unnamed project__2022-07-27T160333.html" />
    </ResultFiles>
  </ResultSummary>
</TestRun>