<!DOCTYPE html>
<html>
	<head>
        <meta http-equiv="content-type" content="text/html; charset=UTF-8" />
		<title>Unnamed project Test Execution Report</title>
        <script type="text/javascript" src="http://code.jquery.com/jquery-1.6.2.min.js"></script>
        <script type="text/javascript">
            /**
            * jQuery.fn.sortElements
            * --------------
            * #author James Padolsey (http://james.padolsey.com)
            * #version 0.11
            * #updated 18-MAR-2010
            * #url https://raw.github.com/jamespadolsey/jQuery-Plugins/master/sortElements/jquery.sortElements.js
            * --------------
            * #param Function comparator:
            *   Exactly the same behaviour as [1,2,3].sort(comparator)
            *   
            * #param Function getSortable
            *   A function that should return the element that is
            *   to be sorted. The comparator will run on the
            *   current collection, but you may want the actual
            *   resulting sort to occur on a parent or another
            *   associated element.
            *   
            *   E.g. $('td').sortElements(comparator, function(){
            *      return this.parentNode; 
            *   })
            *   
            *   The <td>'s parent (<tr>) will be sorted instead
            *   of the <td> itself.
            */
            jQuery.fn.sortElements = (function () {

                var sort = [].sort;

                return function (comparator, getSortable) {

                    getSortable = getSortable || function () { return this; };

                    var placements = this.map(function () {

                        var sortElement = getSortable.call(this),
                parentNode = sortElement.parentNode,

                        // Since the element itself will change position, we have
                        // to have some way of storing it's original position in
                        // the DOM. The easiest way is to have a 'flag' node:
                nextSibling = parentNode.insertBefore(
                    document.createTextNode(''),
                    sortElement.nextSibling
                );

                        return function () {

                            if (parentNode === this) {
                                throw new Error(
                        "You can't sort elements if any one is a descendant of another."
                    );
                            }

                            // Insert before flag:
                            parentNode.insertBefore(this, nextSibling);
                            // Remove flag:
                            parentNode.removeChild(nextSibling);

                        };

                    });

                    return sort.call(this, comparator).each(function (i) {
                        placements[i].call(getSortable.call(this));
                    });

                };

            })();
        </script>
        <script type="text/javascript">
            jQuery.fn.setBarSizes = (function () {
                return function (metricName, maxBarSize, min) {
                    var max = Math.max.apply(Math, $.makeArray($(this).map(function () { return Number($(this).attr('data-sr-' + metricName)); })));
                    var scale = 1.0;
                    while (max > 0.0 && max <= 10.0) {
                        scale = scale * 10.0;
                        max = max * 10.0;
                    }
                    max = (Math.ceil(max / 2) * 2) / scale;

                    this.each(function () {
                        var barAnchor = $(this).find('a');
                        var actual = $(this).attr('data-sr-' + metricName);
                        var newHeight = Math.max(Math.round(maxBarSize * (actual - min) / (max - min)), 2);
                        barAnchor.css({ height: newHeight });
                    });

                    var unit = "";
                    if (metricName.substr(metricName.length - 4, 4) === "time")
                        unit = "s";

                    $('#testview .scale-min-label').each(function () {
                        $(this).text(min.toString() + unit);
                    });
                    $('#testview .scale-max-label').each(function () {
                        $(this).text(max.toString() + unit);
                    });
                    var mid = max / 2;
                    $('#testview .scale-mid-label').each(function () {
                        $(this).text(mid.toString() + unit);
                    });
                };
            })();

            function getComparer(metricName, isDesc) {
                return function (a, b) {
                    var aNumber = Number($(a).attr('data-sr-' + metricName));
                    var bNumber = Number($(b).attr('data-sr-' + metricName));
                    var result = aNumber > bNumber ? 1 : (aNumber < bNumber ? -1 : 0);
                    if (isDesc)
                        result = -1 * result;

                    if (result == 0 && metricName != "order")
                        result = getComparer("order", false)(a, b);

                    return result;
                };
            }

            var currentSort = "";
            function doSort(allowToggleDesc) {
                var newSort = $("input[name='barSortOrder']:checked").val();
                if (allowToggleDesc && currentSort == newSort) {
                    $('#barSortDesc').click();
                    doSort(false);
                    return;
                }
                currentSort = newSort;
                $('#testview td.testview-item').sortElements(getComparer(newSort, $('#barSortDesc').is(':checked')));
            }


            function doSetHeights(allowSort) {
                var selectedMetric = $("input[name='barHeight']:checked").val();
                $('#testview td.testview-item').setBarSizes(selectedMetric, 60, 0.0);

                if (allowSort && currentSort != selectedMetric) {
                    var $radios = $("input[name='barSortOrder']");
                    $radios.filter('[value=' + selectedMetric + ']').attr('checked', true);
                    $("#barSortDesc").attr("checked", [true]);
                    doSort(false);
                }
            }

            $(document).ready(function () {
                $("input[name='barSortOrder']").click(function () { doSort(true); return true; });
                $("input[name='barSortDesc']").change(function () { doSort(false); });
                $("input[name='barHeight']").change(function () { doSetHeights(true); });

                doSort(false);
                doSetHeights(false);

                $("div.scrollable").css({ 'overflow': 'auto' });
            });
        </script>

        <style type="text/css">
            body 
            {
                color: #000000;
                font-family: Arial,Liberation Sans,DejaVu Sans,sans-serif;
                line-height: 130%;
            }
            h1 {
                font-family: Trebuchet MS,Liberation Sans,DejaVu Sans,sans-serif;
                font-size: 170%;
                font-weight: bold;
            }            
            h2 {
                font-family: Trebuchet MS,Liberation Sans,DejaVu Sans,sans-serif;
                font-size: 130%;
                font-weight: bold;
                margin-bottom: 5px;
            }            
            h3 {
                font-family: Trebuchet MS,Liberation Sans,DejaVu Sans,sans-serif;
                font-size: 120%;
                font-weight: bold;
                margin-bottom: 5px;
            }            
            a.bar
            {
                text-decoration: none;
                display: block;
                line-height: 1px;
            }
            .description
            {
                font-style: italic;
            }
            .log 
            {
                width: 600px;
                white-space: pre-wrap;
                display: block;
                margin: 0px;
            }
            .errorMessage 
            {
                width: 600px;
                color: Red;
                font-weight: bold;
            }
            .stackTrace 
            {
                width: 600px;
                white-space: pre-wrap;
                font-style: italic;
                color: Red;
                display: block;
            }
            table.testEvents
            {
                border: solid 1px #e8eef4;
                border-collapse: collapse;
            }
            table.testEvents td
            {
                vertical-align: top;
                padding: 5px;
                border: solid 1px #e8eef4;
            }
            table.testEvents th
            {
                padding: 6px 5px;
                text-align: left;
                background-color: #e8eef4;
                border: solid 1px #e8eef4;                
            }
            .comment
            {
                font-style: italic;
                font-size: smaller;
            }
            .startupBar
            {
                background-color: #EEEEEE;
                cursor: default;
            }
            
            .colorSucceeded
            {
                background-color: #90ED7B;
            }
            .colorIgnored
            {
                background-color: #FFFF85;
            }
            .colorPending
            {
                background-color: #D47BED;
            }
            .colorNothingToRun
            {
                background-color: #CCCCFF;
            }
            .colorSkipped
            {
                background-color: #CCCCFF;
            }
            .colorInconclusive
            {
                background-color: #7BEDED;
            }
            .colorCleanupFailed
            {
                background-color: #FFCCCC;
            }
            .colorRandomlyFailed
            {
                background-color: #EDB07B;
            }
            .colorFailed
            {
                background-color: #ED5F5F;
            }
            .colorInitializationFailed
            {
                background-color: #FF0000;
            }
            .colorFrameworkError
            {
                background-color: #FF0000;
            }
            ul.subNodeLinks
            {
                padding-left: 20px;
                margin: 0px;
            }
            ul.subNodeLinks li
            {
                list-style: none;
            }
            
            /* views general */
            div.scrollable
            {
                /*overflow: auto; - thsi has to be set from js, because of an IE9 bug */
            }
            div.viewbox
            {
                position: relative;
                border: 3px solid #e8eef4;
            }
            div.viewbox table
            {
                border: 0px;
            }
                        
            /* testview */
            #testview
            {
                padding-top: 23px;
            }
            
            table.testview-items td
            {
                vertical-align: bottom;
                padding: 0px 1px 0px 1px;
            }
            td.right-padding, td.left-padding
            {
                width: 25px;
                min-width: 25px;
            }
            table.testview-items a.bar
            {
                width: 5px;
            }
            table.testview-items tr.testview-items-row
            {
                height: 60px;
            }
            
            /* scale */
            table.vertical-scale 
            {
                position: absolute;
                top: 23px;
                left: 0px;
                width: 100%;
                z-index: -100;
            }
            table.vertical-scale td, tr.horizontal-scale td
            {
                font-size: 60%;
                line-height: normal;
            }
            table.vertical-scale tr.scale-max, table.vertical-scale tr.scale-mid 
            {
                height: 30px;
            }
            tr.horizontal-scale, table.vertical-scale tr.scale-min 
            {
                height: 12px;
            }
            
            td.scale-max-label, td.scale-mid-label, td.scale-min-label
            {
                border-top: solid 1px #E6E6E6;
                text-align: left;
                vertical-align: top;
            }
            td.scale-10-label
            {
                border-left: solid 1px #E6E6E6;
                text-align: left;
                vertical-align: bottom;
                padding-left: 1px;
            }
            tr.scale-mid td, tr.scale-min td, tr.scale-max td
            {
                border-top: solid 1px #E6E6E6;
            }
           
            
            /* bar-control */
            #bar-control
            {
                font-size: 60%;
                line-height: normal;
                position: absolute;
                right: 0px;
                top: 0px;
            }
            #bar-control label
            {
                font-weight: bold;
                vertical-align: middle;
            }
            #bar-control .option
            {
                vertical-align: middle;
                text-transform: lowercase;
            }
            #bar-control input[type="checkbox"]
            {
                padding: 0 2px 0 3px;
            }
            #bar-control input
            {
                vertical-align: top;
                height: 12px;
                margin: 0px;
                padding: 0px;
            }
            #bar-control div
            {
                float: right;
                margin: 3px 5px 3px 5px;
            }

            /* timeline view */
            #timelineview
            {
                padding-top: 5px;
            }
            table.timelineview a
            {
                height: 20px;
            }
            table.timelineview td
            {
                vertical-align: bottom;
                padding: 0px 1px 0px 0px;
                border: 0px;
            }
            tr.thread-items-row
            {
                height: 25px;
            }
            tr.thread-items-row td
            {
                vertical-align: bottom;
            }
            td.thread-label
            {
                padding: 0px 6px 0px 6px;
                text-align: right;
                line-height: 18px;
                vertical-align: bottom;
            }
            th.thread-label
            {
                padding: 3px 6px 0px 6px;
                line-height: 18px;
                text-align: left;
                vertical-align: bottom;
            }
        </style>
	</head>
	<body>
        <h1>Unnamed project Test Execution Report</h1>
        
    <ul>
        <li>Project: Unnamed project</li>
        <li>Configuration: </li>
        <li>Test Assemblies: C:\BDDPracticeFramework\SnapDealTestProject\bin\Debug\net48\SnapDealTestProject.dll</li>
        <li>Start Time: 7/27/2022 3:48:37 PM</li>
        <li>Duration: 00:07:45.3110237</li>
        <li>Test Threads: 1</li>
    </ul>


        <h2>Result: 1 failed</h2>
        <table class="testEvents">
                <tr>
        <th colspan="2">Success rate</th>
        <th>Tests</th>
        <th>Succeeded</th>
        <th>Failed</th>
        <th>Pending</th>
        <th>Ignored</th>
        <th>Skipped</th>
    </tr>

                <td>
            50%
    </td>
    <td>
            <table class="timelineview" cellpadding="0" cellspacing="0">
        <tr>
    <td>
        <a class="bar colorSucceeded" 
           style="width: 99px;" 
           title="1 succeeded" 
                   ></a>
    </td>
    <td>
        <a class="bar colorFailed" 
           style="width: 99px;" 
           title="1 failed" 
                          href="#error_summary"
        ></a>
    </td>
        </tr>
    </table>

    </td>
    <td>2 (test executions: 4)</td>
    <td>1</td>
    <td>1</td>
    <td>0</td>
    <td>0</td>
    <td>0</td>

        </table>
        
        <h2>Test Timeline Summary</h2>

        <div id="timelineview" class="viewbox">
            <div class="scrollable">
                <table cellpadding="0" cellspacing="0">
                    <tr>
                        <th class="thread-label" colspan="2">thread</th>
                    </tr>
                        <tr class="thread-items-row">
                            <td class="thread-label" title="Machine: USE2DEVP00496">#0</td>
                            <td colspan="1">
                                <table class="timelineview" cellpadding="0" cellspacing="0">
                                    <tr>

                                            <td>
        <a
            class="bar startupBar" 
            style="width: 3px;" 
                title="test thread startup" 
        >&nbsp;</a>
    </td>

    <td>
        <a
            class="bar colorFailed" 
            style="width: 8px;" 
                title="Verify sort by filter options (in SnapDeal)" 
                href="#t-1105564866.0"
        >&nbsp;</a>
    </td>
    <td>
        <a
            class="bar colorFailed" 
            style="width: 12px;" 
                title="Verify sort by filter options (in SnapDeal) retry #1" 
                href="#t-1105564866.1"
        >&nbsp;</a>
    </td>
    <td>
        <a
            class="bar colorFailed" 
            style="width: 3px;" 
                title="Verify sort by filter options (in SnapDeal) retry #2" 
                href="#t-1105564866.2"
        >&nbsp;</a>
    </td>
    <td>
        <a
            class="bar colorSucceeded" 
            style="width: 3px;" 
                title="Verify SnapDeal home page has all neceesary icons (in SnapDeal)" 
                href="#t931538385.0"
        >&nbsp;</a>
    </td>
                                    </tr>
                                </table>
                            </td>
                        </tr>
                    <tr class="horizontal-scale">
                        <td>&nbsp;</td>
                        <td class="scale-10-label">0s</td>
                    </tr>
                </table>
            </div>
        </div>

        
    <h2>Test Result View</h2>
    <div id="testview" class="viewbox">
        <div id="bar-control">
            <div id="bar-control-sort">
                <label>sort by:</label>
                <span class="option"><input type="radio" name="barSortOrder" value="exectime" />Time</span>
                <span class="option"><input type="radio" name="barSortOrder" value="acttime" />Act Time</span>
                <span class="option"><input type="radio" name="barSortOrder" value="order" />Execution</span>
                <span class="option"><input type="radio" name="barSortOrder" value="rescode" checked="checked" />Result</span>
                <span class="option"><input type="checkbox" name="barSortDesc" id="barSortDesc" checked="checked" />desc</span>
            </div>
            <div id="bar-control-heights">
                <label>heights:</label>
                <span class="option"><input type="radio" checked="checked" name="barHeight" value="exectime" />Time</span>
                <span class="option"><input type="radio" name="barHeight" value="acttime" />Act Time</span>
            </div>
        </div>
        <table class="vertical-scale" cellpadding="0" cellspacing="0">
            <tr class="scale-max">
                <td class="left-padding scale-max-label">&nbsp;</td>
                <td colspan="4">&nbsp;</td>
                <td class="right-padding">&nbsp;</td>
            </tr>
            <tr class="scale-mid">
                <td class="left-padding scale-mid-label">&nbsp;</td>
                <td colspan="4">&nbsp;</td>
                <td class="right-padding">&nbsp;</td>
            </tr>
            <tr class="scale-min">
                <td class="left-padding scale-min-label">&nbsp;</td>
                <td colspan="4">&nbsp;</td>
                <td class="right-padding">&nbsp;</td>
            </tr>
        </table>
        <div class="scrollable">
            <table class="testview-items" cellpadding="0" cellspacing="0">
                <tr class="testview-items-row">
                    <td class="left-padding">&nbsp;</td>
    <td class="testview-item" 
        data-sr-exectime="12.8164224" data-sr-rescode="110" data-sr-order="3" data-sr-acttime="0.0">
        <a
            class="bar colorSucceeded" 
            style="height: 4px;"
            title="Verify SnapDeal home page has all neceesary icons (in SnapDeal)"
            href="#t931538385.0">&nbsp;</a>
    </td>
    <td class="testview-item" 
        data-sr-exectime="218.0446632" data-sr-rescode="540" data-sr-order="0" data-sr-acttime="63.395">
        <a
            class="bar colorFailed" 
            style="height: 60px;"
            title="Verify sort by filter options (in SnapDeal)"
            href="#t-1105564866.0">&nbsp;</a>
    </td>
    <td class="testview-item" 
        data-sr-exectime="207.3766971" data-sr-rescode="540" data-sr-order="1" data-sr-acttime="0.004">
        <a
            class="bar colorFailed" 
            style="height: 57px;"
            title="Verify sort by filter options (in SnapDeal) retry #1"
            href="#t-1105564866.1">&nbsp;</a>
    </td>
    <td class="testview-item" 
        data-sr-exectime="25.4893664" data-sr-rescode="540" data-sr-order="2" data-sr-acttime="7.464">
        <a
            class="bar colorFailed" 
            style="height: 7px;"
            title="Verify sort by filter options (in SnapDeal) retry #2"
            href="#t-1105564866.2">&nbsp;</a>
    </td>
                    <td class="right-padding">&nbsp;</td>
                </tr>
                <tr class="horizontal-scale">
                    <td class="left-padding">&nbsp;</td>
                    <td colspan="10">&nbsp;</td>
                </tr>
            </table>
        </div>
    </div>

        
        
    <h2>Feature Summary</h2>
    <table class="testEvents">
            <tr>
            <th>Feature</th>
        <th colspan="2">Success rate</th>
        <th>Tests</th>
        <th>Succeeded</th>
        <th>Failed</th>
        <th>Pending</th>
        <th>Ignored</th>
        <th>Skipped</th>
            <th>Duration</th>
    </tr>


            <tr>
                <td><a href="#f98796792">SnapDeal</a></td>
                    <td>
            25%
    </td>
    <td>
            <table class="timelineview" cellpadding="0" cellspacing="0">
        <tr>
    <td>
        <a class="bar colorSucceeded" 
           style="width: 99px;" 
           title="1 succeeded" 
                   ></a>
    </td>
    <td>
        <a class="bar colorFailed" 
           style="width: 299px;" 
           title="1 failed" 
                          href="#error_summary"
        ></a>
    </td>
        </tr>
    </table>

    </td>
    <td>2 (test executions: 4)</td>
    <td>1</td>
    <td>3</td>
    <td>0</td>
    <td>0</td>
    <td>0</td>
        <td>00:07:43.7271491</td>

            </tr>
    </table>


        <a name="error_summary" />
        <h2>Error Summary</h2>
        <table class="testEvents">
                <tr>
            <th>Test</th>
        <th colspan="2">Success rate</th>
        <th>Tests</th>
        <th>Succeeded</th>
        <th>Failed</th>
        <th>Pending</th>
        <th>Ignored</th>
        <th>Skipped</th>
    </tr>

                <tr>
                    <td>
                        <a href="#t-1105564866.0">Verify sort by filter options (in SnapDealTestProject, SnapDeal)</a>
                            <a href="#t-1105564866.1">retry #1</a>
                            <a href="#t-1105564866.2">retry #2</a>
                    </td>
                        <td>
            0%
    </td>
    <td>
            <table class="timelineview" cellpadding="0" cellspacing="0">
        <tr>
    <td>
        <a class="bar colorFailed" 
           style="width: 599px;" 
           title="1 failed" 
                          href="#error_summary"
        ></a>
    </td>
        </tr>
    </table>

    </td>
    <td>1 (test executions: 3)</td>
    <td>0</td>
    <td>3</td>
    <td>0</td>
    <td>0</td>
    <td>0</td>

                </tr>
                <tr>
                    <td colspan="9" style="padding-left: 20px;"><div class="errorMessage">Error: The HTTP request to the remote WebDriver server for URL http://localhost:52326/session/1a7f7a95978fd9ec45a8355e03feb499/element/45dcd03f-31ec-46ee-83ec-55006eaabb7f/click timed out after 60 seconds. -&gt; A task was canceled., retry #1: The HTTP request to the remote WebDriver server for URL http://localhost:52525/session/a0196bdb2b1aa423d5556dfd4e09ca43/url timed out after 60 seconds. -&gt; A task was canceled., retry #2: unknown error: unexpected command response
  (Session info: chrome=103.0.5060.134)</div></td>
                </tr>
        </table>

        <h2>Scenario Summary</h2>
            <a name="f98796792" />
            <h3>Feature: SnapDeal</h3>
            <table class="testEvents">
                    <tr>
            <th>Test</th>
        <th colspan="2">Success rate</th>
        <th>Tests</th>
        <th>Succeeded</th>
        <th>Failed</th>
        <th>Pending</th>
        <th>Ignored</th>
        <th>Skipped</th>
            <th>Duration</th>
    </tr>

                    <tr>
                        <td>
                                    <a href="#t-1105564866.0">Scenario: Verify sort by filter options</a>
            <a href="#t-1105564866.1">retry #1</a>
            <a href="#t-1105564866.2">retry #2</a>

                        </td>
                        
                            <td>
            0%
    </td>
    <td>
            <table class="timelineview" cellpadding="0" cellspacing="0">
        <tr>
    <td>
        <a class="bar colorFailed" 
           style="width: 599px;" 
           title="1 failed" 
                          href="#error_summary"
        ></a>
    </td>
        </tr>
    </table>

    </td>
    <td>1 (test executions: 3)</td>
    <td>0</td>
    <td>3</td>
    <td>0</td>
    <td>0</td>
    <td>0</td>
        <td>00:07:30.9107267</td>

                        
                    </tr>
                    <tr>
                        <td>
                                    <a href="#t931538385.0">Scenario: Verify SnapDeal home page has all neceesary icons</a>

                        </td>
                        
                            <td>
            100%
    </td>
    <td>
            <table class="timelineview" cellpadding="0" cellspacing="0">
        <tr>
    <td>
        <a class="bar colorSucceeded" 
           style="width: 199px;" 
           title="1 succeeded" 
                   ></a>
    </td>
        </tr>
    </table>

    </td>
    <td>1</td>
    <td>1</td>
    <td>0</td>
    <td>0</td>
    <td>0</td>
    <td>0</td>
        <td>00:00:12.8164224</td>

                        
                    </tr>
            </table>

        <h2>Execution Details</h2>
            <a name="t-1105564866.0" />
            <h3>Scenario: Verify sort by filter options (in SnapDealTestProject, SnapDeal)</h3>
                <div class="description">
                    tags: Search, Cart, SnapDeal, Search
                </div>
            <ul>
                <li>Status: Failed</li>
                <li>Start time: 7/27/2022 3:48:37 PM</li>
                <li>Execution time (sec): 218.0446632</li>
                <li>Thread: #0</li>
                <li>Error: The HTTP request to the remote WebDriver server for URL http://localhost:52326/session/1a7f7a95978fd9ec45a8355e03feb499/element/45dcd03f-31ec-46ee-83ec-55006eaabb7f/click timed out after 60 seconds. -&gt; A task was canceled.</li>
            </ul>
            <table class="testEvents">
                <tr>
                    <th>Steps</th>
                    <th>Trace</th>
                    <th>Result</th>
                </tr>
                    <tr>
                        <td>
                            <pre class="log"></pre>
                        </td>
                        <td>
                            <!-- [TestArrange: Scenario - Verify sort by filter options] -->
                            <pre class="log">path is: C:\BDDPracticeFramework\SnapDealTestProject</pre>
                        </td>
                        <td>Succeeded in 5.864s</td>
                    </tr>
                    <tr>
                        <td>
                            <pre class="log">Given I Open SnapDeal site</pre>
                        </td>
                        <td>
                            <!-- [TestArrange: Scenario - Verify sort by filter options] -->
                            <pre class="log">done: SnapDealStepDefinitions.GivenIOpenSnapDealSite() (5.0s)</pre>
                        </td>
                        <td>Succeeded in 5.029s</td>
                    </tr>
                    <tr>
                        <td>
                            <pre class="log">Then I verify search bar is displayed</pre>
                        </td>
                        <td>
                            <!-- [TestAssert: Scenario - Verify sort by filter options] -->
                            <pre class="log">done: SnapDealStepDefinitions.ThenIVerifySearchBarIsDisplayed() (0.4s)</pre>
                        </td>
                        <td>Succeeded in 0.59s</td>
                    </tr>
                    <tr>
                        <td>
                            <pre class="log">When I search for &#39;Perfumes&#39;</pre>
                        </td>
                        <td>
                            <!-- [TestAct: Scenario - Verify sort by filter options] -->
                            <pre class="log">error: The HTTP request to the remote WebDriver server for URL http://localhost:52326/session/1a7f7a95978fd9ec45a8355e03feb499/element/45dcd03f-31ec-46ee-83ec-55006eaabb7f/click timed out after 60 seconds. (63.4s)</pre>
                                <div class="errorMessage">The HTTP request to the remote WebDriver server for URL http://localhost:52326/session/1a7f7a95978fd9ec45a8355e03feb499/element/45dcd03f-31ec-46ee-83ec-55006eaabb7f/click timed out after 60 seconds. -&gt; A task was canceled.</div>
                                <pre class="stackTrace">OpenQA.Selenium.WebDriverException: The HTTP request to the remote WebDriver server for URL http://localhost:52326/session/1a7f7a95978fd9ec45a8355e03feb499/element/45dcd03f-31ec-46ee-83ec-55006eaabb7f/click timed out after 60 seconds. ---&gt; System.Threading.Tasks.TaskCanceledException: A task was canceled.
   at System.Runtime.CompilerServices.TaskAwaiter.ThrowForNonSuccess(Task task)
   at System.Runtime.CompilerServices.TaskAwaiter.HandleNonSuccessAndDebuggerNotification(Task task)
   at System.Runtime.CompilerServices.TaskAwaiter`1.GetResult()
   at OpenQA.Selenium.Remote.HttpCommandExecutor.&lt;MakeHttpRequest&gt;d__35.MoveNext()
--- End of stack trace from previous location where exception was thrown ---
   at System.Runtime.CompilerServices.TaskAwaiter.ThrowForNonSuccess(Task task)
   at System.Runtime.CompilerServices.TaskAwaiter.HandleNonSuccessAndDebuggerNotification(Task task)
   at System.Runtime.CompilerServices.TaskAwaiter`1.GetResult()
   at OpenQA.Selenium.Remote.HttpCommandExecutor.Execute(Command commandToExecute)
   --- End of inner exception stack trace ---
   at OpenQA.Selenium.Remote.HttpCommandExecutor.Execute(Command commandToExecute)
   at OpenQA.Selenium.Remote.DriverServiceCommandExecutor.Execute(Command commandToExecute)
   at OpenQA.Selenium.WebDriver.Execute(String driverCommandToExecute, Dictionary`2 parameters)
   at OpenQA.Selenium.WebDriver.InternalExecute(String driverCommandToExecute, Dictionary`2 parameters)
   at OpenQA.Selenium.WebElement.Execute(String commandToExecute, Dictionary`2 parameters)
   at OpenQA.Selenium.WebElement.Click()
   at SnapDealTestProject.Library.Extensions.DriverExtensions.Click(By elementBy) in C:\BDDPracticeFramework\SnapDealTestProject\Library\DriverExtensions\ClickExtensions.cs:line 16
   at SnapDealTestProject.Components.HeaderComponent.ClickSearchButton[T]() in C:\BDDPracticeFramework\SnapDealTestProject\Components\HeaderComponent.cs:line 82
   at SnapDealTestProject.Components.HeaderComponent.EnterSearchQueryAndClickSearch[T](String searchText) in C:\BDDPracticeFramework\SnapDealTestProject\Components\HeaderComponent.cs:line 43
   at SnapDealTestProject.Steps.SnapDealStepDefinitions.WhenISearchFor(String product) in C:\BDDPracticeFramework\SnapDealTestProject\Steps\SnapDealStepDefinitions.cs:line 34
   at lambda_method(Closure , IContextManager , String )
   at TechTalk.SpecFlow.Bindings.BindingInvoker.InvokeBinding(IBinding binding, IContextManager contextManager, Object[] arguments, ITestTracer testTracer, TimeSpan&amp; duration)
   at ReportPortal.SpecFlowPlugin.SafeBindingInvoker.InvokeBinding(IBinding binding, IContextManager contextManager, Object[] arguments, ITestTracer testTracer, TimeSpan&amp; duration)
   at ReportPortal.SpecFlowPlugin.SafeBindingInvoker.InvokeBinding(IBinding binding, IContextManager contextManager, Object[] arguments, ITestTracer testTracer, TimeSpan&amp; duration)
   at TechTalk.SpecFlow.Infrastructure.TestExecutionEngine.ExecuteStepMatch(BindingMatch match, Object[] arguments, TimeSpan&amp; duration)
   at TechTalk.SpecRun.SpecFlowPlugin.Runtime.RunnerTestExecutionEngine.ExecuteStepMatch(BindingMatch match, Object[] arguments, TimeSpan&amp; duration)
   at TechTalk.SpecFlow.Infrastructure.TestExecutionEngine.ExecuteStep(IContextManager contextManager, StepInstance stepInstance)
   at TechTalk.SpecFlow.Infrastructure.TestExecutionEngine.OnAfterLastStep()
   at TechTalk.SpecRun.SpecFlowPlugin.Runtime.RunnerTestExecutionEngine.OnAfterLastStep()
   at TechTalk.SpecFlow.TestRunner.CollectScenarioErrors()
   at SnapDealTestProject.Features.SnapDealFeature.ScenarioCleanup()
   at SnapDealTestProject.Features.SnapDealFeature.VerifySortByFilterOptions() in C:\BDDPracticeFramework\SnapDealTestProject\Features\SnapDeal.feature:line 11
   at TechTalk.SpecRun.Framework.TaskExecutors.StaticOrInstanceMethodExecutor.ExecuteInternal(ITestThreadExecutionContext testThreadExecutionContext)
   at TechTalk.SpecRun.Framework.TaskExecutors.StaticOrInstanceMethodExecutor.Execute(ITestThreadExecutionContext testThreadExecutionContext)
   at TechTalk.SpecRun.Framework.TestNodeTask.Execute()</pre>
                        </td>
                        <td>Failed in 63.392s</td>
                    </tr>
                    <tr>
                        <td>
                            <pre class="log">Then I verify menu icon displayed</pre>
                        </td>
                        <td>
                            <!-- [TestAssert: Scenario - Verify sort by filter options] -->
                            <pre class="log">skipped because of previous errors</pre>
                        </td>
                        <td>Skipped in 0.007s</td>
                    </tr>
                    <tr>
                        <td>
                            <pre class="log">When I apply &#39;Price Low To High&#39; SortBy filter</pre>
                        </td>
                        <td>
                            <!-- [TestAct: Scenario - Verify sort by filter options] -->
                            <pre class="log">skipped because of previous errors</pre>
                        </td>
                        <td>Skipped in 0.003s</td>
                    </tr>
                    <tr>
                        <td>
                            <pre class="log">Then I verify &#39;Price Low To High&#39; SortBy filter is applied</pre>
                        </td>
                        <td>
                            <!-- [TestAssert: Scenario - Verify sort by filter options] -->
                            <pre class="log">skipped because of previous errors</pre>
                        </td>
                        <td>Skipped in 0.014s</td>
                    </tr>
                    <tr>
                        <td>
                            <pre class="log"></pre>
                        </td>
                        <td>
                            <!-- [Cleanup: Scenario - Verify sort by filter options] -->
                            <pre class="log">path is: C:\BDDPracticeFramework\SnapDealTestProject
OpenQA.Selenium.WebDriverException: The HTTP request to the remote WebDriver server for URL http://localhost:52326/session/1a7f7a95978fd9ec45a8355e03feb499/screenshot timed out after 60 seconds. ---&gt; System.Threading.Tasks.TaskCanceledException: A task was canceled.
   at System.Runtime.CompilerServices.TaskAwaiter.ThrowForNonSuccess(Task task)
   at System.Runtime.CompilerServices.TaskAwaiter.HandleNonSuccessAndDebuggerNotification(Task task)
   at System.Runtime.CompilerServices.TaskAwaiter`1.GetResult()
   at OpenQA.Selenium.Remote.HttpCommandExecutor.&lt;MakeHttpRequest&gt;d__35.MoveNext()
--- End of stack trace from previous location where exception was thrown ---
   at System.Runtime.CompilerServices.TaskAwaiter.ThrowForNonSuccess(Task task)
   at System.Runtime.CompilerServices.TaskAwaiter.HandleNonSuccessAndDebuggerNotification(Task task)
   at System.Runtime.CompilerServices.TaskAwaiter`1.GetResult()
   at OpenQA.Selenium.Remote.HttpCommandExecutor.Execute(Command commandToExecute)
   --- End of inner exception stack trace ---
   at OpenQA.Selenium.Remote.HttpCommandExecutor.Execute(Command commandToExecute)
   at OpenQA.Selenium.Remote.DriverServiceCommandExecutor.Execute(Command commandToExecute)
   at OpenQA.Selenium.WebDriver.Execute(String driverCommandToExecute, Dictionary`2 parameters)
   at OpenQA.Selenium.WebDriver.GetScreenshot()
   at SnapDealTestProject.Library.Extensions.DriverExtensions.GetScreenshot(String path) in C:\BDDPracticeFramework\SnapDealTestProject\Library\DriverExtensions\WebDriverExtensions.cs:line 112
   at SnapDealTestProject.Hooks.Base.TearDown() in C:\BDDPracticeFramework\SnapDealTestProject\Hooks\Base.cs:line 46</pre>
                        </td>
                        <td>Succeeded in 143.092s</td>
                    </tr>
            </table>
            <a name="t-1105564866.1" />
            <h3>Scenario: Verify sort by filter options (in SnapDealTestProject, SnapDeal) retry #1</h3>
                <div class="description">
                    tags: Search, Cart, SnapDeal, Search
                </div>
            <ul>
                <li>Status: Failed</li>
                <li>Start time: 7/27/2022 3:52:15 PM</li>
                <li>Execution time (sec): 207.3766971</li>
                <li>Thread: #0</li>
                <li>Error: The HTTP request to the remote WebDriver server for URL http://localhost:52525/session/a0196bdb2b1aa423d5556dfd4e09ca43/url timed out after 60 seconds. -&gt; A task was canceled.</li>
            </ul>
            <table class="testEvents">
                <tr>
                    <th>Steps</th>
                    <th>Trace</th>
                    <th>Result</th>
                </tr>
                    <tr>
                        <td>
                            <pre class="log"></pre>
                        </td>
                        <td>
                            <!-- [TestArrange: Scenario - Verify sort by filter options] -->
                            <pre class="log">path is: C:\BDDPracticeFramework\SnapDealTestProject</pre>
                        </td>
                        <td>Succeeded in 4.209s</td>
                    </tr>
                    <tr>
                        <td>
                            <pre class="log">Given I Open SnapDeal site</pre>
                        </td>
                        <td>
                            <!-- [TestArrange: Scenario - Verify sort by filter options] -->
                            <pre class="log">error: The HTTP request to the remote WebDriver server for URL http://localhost:52525/session/a0196bdb2b1aa423d5556dfd4e09ca43/url timed out after 60 seconds. (60.0s)</pre>
                                <div class="errorMessage">The HTTP request to the remote WebDriver server for URL http://localhost:52525/session/a0196bdb2b1aa423d5556dfd4e09ca43/url timed out after 60 seconds. -&gt; A task was canceled.</div>
                                <pre class="stackTrace">OpenQA.Selenium.WebDriverException: The HTTP request to the remote WebDriver server for URL http://localhost:52525/session/a0196bdb2b1aa423d5556dfd4e09ca43/url timed out after 60 seconds. ---&gt; System.Threading.Tasks.TaskCanceledException: A task was canceled.
   at System.Runtime.CompilerServices.TaskAwaiter.ThrowForNonSuccess(Task task)
   at System.Runtime.CompilerServices.TaskAwaiter.HandleNonSuccessAndDebuggerNotification(Task task)
   at System.Runtime.CompilerServices.TaskAwaiter`1.GetResult()
   at OpenQA.Selenium.Remote.HttpCommandExecutor.&lt;MakeHttpRequest&gt;d__35.MoveNext()
--- End of stack trace from previous location where exception was thrown ---
   at System.Runtime.CompilerServices.TaskAwaiter.ThrowForNonSuccess(Task task)
   at System.Runtime.CompilerServices.TaskAwaiter.HandleNonSuccessAndDebuggerNotification(Task task)
   at System.Runtime.CompilerServices.TaskAwaiter`1.GetResult()
   at OpenQA.Selenium.Remote.HttpCommandExecutor.Execute(Command commandToExecute)
   --- End of inner exception stack trace ---
   at OpenQA.Selenium.Remote.HttpCommandExecutor.Execute(Command commandToExecute)
   at OpenQA.Selenium.Remote.DriverServiceCommandExecutor.Execute(Command commandToExecute)
   at OpenQA.Selenium.WebDriver.Execute(String driverCommandToExecute, Dictionary`2 parameters)
   at OpenQA.Selenium.WebDriver.set_Url(String value)
   at OpenQA.Selenium.Navigator.GoToUrl(String url)
   at SnapDealTestProject.Library.Extensions.DriverExtensions.GoToUrl(String url) in C:\BDDPracticeFramework\SnapDealTestProject\Library\DriverExtensions\NavigationExtensions.cs:line 9
   at SnapDealTestProject.Pages.HomePage.NavigateToApplication() in C:\BDDPracticeFramework\SnapDealTestProject\Pages\HomePage.cs:line 21
   at SnapDealTestProject.Steps.SnapDealStepDefinitions.GivenIOpenSnapDealSite() in C:\BDDPracticeFramework\SnapDealTestProject\Steps\SnapDealStepDefinitions.cs:line 28
   at lambda_method(Closure , IContextManager )
   at TechTalk.SpecFlow.Bindings.BindingInvoker.InvokeBinding(IBinding binding, IContextManager contextManager, Object[] arguments, ITestTracer testTracer, TimeSpan&amp; duration)
   at ReportPortal.SpecFlowPlugin.SafeBindingInvoker.InvokeBinding(IBinding binding, IContextManager contextManager, Object[] arguments, ITestTracer testTracer, TimeSpan&amp; duration)
   at ReportPortal.SpecFlowPlugin.SafeBindingInvoker.InvokeBinding(IBinding binding, IContextManager contextManager, Object[] arguments, ITestTracer testTracer, TimeSpan&amp; duration)
   at TechTalk.SpecFlow.Infrastructure.TestExecutionEngine.ExecuteStepMatch(BindingMatch match, Object[] arguments, TimeSpan&amp; duration)
   at TechTalk.SpecRun.SpecFlowPlugin.Runtime.RunnerTestExecutionEngine.ExecuteStepMatch(BindingMatch match, Object[] arguments, TimeSpan&amp; duration)
   at TechTalk.SpecFlow.Infrastructure.TestExecutionEngine.ExecuteStep(IContextManager contextManager, StepInstance stepInstance)
   at TechTalk.SpecFlow.Infrastructure.TestExecutionEngine.OnAfterLastStep()
   at TechTalk.SpecRun.SpecFlowPlugin.Runtime.RunnerTestExecutionEngine.OnAfterLastStep()
   at TechTalk.SpecFlow.TestRunner.CollectScenarioErrors()
   at SnapDealTestProject.Features.SnapDealFeature.ScenarioCleanup()
   at SnapDealTestProject.Features.SnapDealFeature.VerifySortByFilterOptions() in C:\BDDPracticeFramework\SnapDealTestProject\Features\SnapDeal.feature:line 11
   at TechTalk.SpecRun.Framework.TaskExecutors.StaticOrInstanceMethodExecutor.ExecuteInternal(ITestThreadExecutionContext testThreadExecutionContext)
   at TechTalk.SpecRun.Framework.TaskExecutors.StaticOrInstanceMethodExecutor.Execute(ITestThreadExecutionContext testThreadExecutionContext)
   at TechTalk.SpecRun.Framework.TestNodeTask.Execute()</pre>
                        </td>
                        <td>Failed in 60.016s</td>
                    </tr>
                    <tr>
                        <td>
                            <pre class="log">Then I verify search bar is displayed</pre>
                        </td>
                        <td>
                            <!-- [TestAssert: Scenario - Verify sort by filter options] -->
                            <pre class="log">skipped because of previous errors</pre>
                        </td>
                        <td>Skipped in 0.002s</td>
                    </tr>
                    <tr>
                        <td>
                            <pre class="log">When I search for &#39;Perfumes&#39;</pre>
                        </td>
                        <td>
                            <!-- [TestAct: Scenario - Verify sort by filter options] -->
                            <pre class="log">skipped because of previous errors</pre>
                        </td>
                        <td>Skipped in 0.002s</td>
                    </tr>
                    <tr>
                        <td>
                            <pre class="log">Then I verify menu icon displayed</pre>
                        </td>
                        <td>
                            <!-- [TestAssert: Scenario - Verify sort by filter options] -->
                            <pre class="log">skipped because of previous errors</pre>
                        </td>
                        <td>Skipped in 0.002s</td>
                    </tr>
                    <tr>
                        <td>
                            <pre class="log">When I apply &#39;Price Low To High&#39; SortBy filter</pre>
                        </td>
                        <td>
                            <!-- [TestAct: Scenario - Verify sort by filter options] -->
                            <pre class="log">skipped because of previous errors</pre>
                        </td>
                        <td>Skipped in 0.002s</td>
                    </tr>
                    <tr>
                        <td>
                            <pre class="log">Then I verify &#39;Price Low To High&#39; SortBy filter is applied</pre>
                        </td>
                        <td>
                            <!-- [TestAssert: Scenario - Verify sort by filter options] -->
                            <pre class="log">skipped because of previous errors</pre>
                        </td>
                        <td>Skipped in 0.003s</td>
                    </tr>
                    <tr>
                        <td>
                            <pre class="log"></pre>
                        </td>
                        <td>
                            <!-- [Cleanup: Scenario - Verify sort by filter options] -->
                            <pre class="log">path is: C:\BDDPracticeFramework\SnapDealTestProject
OpenQA.Selenium.WebDriverException: The HTTP request to the remote WebDriver server for URL http://localhost:52525/session/a0196bdb2b1aa423d5556dfd4e09ca43/screenshot timed out after 60 seconds. ---&gt; System.Threading.Tasks.TaskCanceledException: A task was canceled.
   at System.Runtime.CompilerServices.TaskAwaiter.ThrowForNonSuccess(Task task)
   at System.Runtime.CompilerServices.TaskAwaiter.HandleNonSuccessAndDebuggerNotification(Task task)
   at System.Runtime.CompilerServices.TaskAwaiter`1.GetResult()
   at OpenQA.Selenium.Remote.HttpCommandExecutor.&lt;MakeHttpRequest&gt;d__35.MoveNext()
--- End of stack trace from previous location where exception was thrown ---
   at System.Runtime.CompilerServices.TaskAwaiter.ThrowForNonSuccess(Task task)
   at System.Runtime.CompilerServices.TaskAwaiter.HandleNonSuccessAndDebuggerNotification(Task task)
   at System.Runtime.CompilerServices.TaskAwaiter`1.GetResult()
   at OpenQA.Selenium.Remote.HttpCommandExecutor.Execute(Command commandToExecute)
   --- End of inner exception stack trace ---
   at OpenQA.Selenium.Remote.HttpCommandExecutor.Execute(Command commandToExecute)
   at OpenQA.Selenium.Remote.DriverServiceCommandExecutor.Execute(Command commandToExecute)
   at OpenQA.Selenium.WebDriver.Execute(String driverCommandToExecute, Dictionary`2 parameters)
   at OpenQA.Selenium.WebDriver.GetScreenshot()
   at SnapDealTestProject.Library.Extensions.DriverExtensions.GetScreenshot(String path) in C:\BDDPracticeFramework\SnapDealTestProject\Library\DriverExtensions\WebDriverExtensions.cs:line 112
   at SnapDealTestProject.Hooks.Base.TearDown() in C:\BDDPracticeFramework\SnapDealTestProject\Hooks\Base.cs:line 46</pre>
                        </td>
                        <td>Succeeded in 143.137s</td>
                    </tr>
            </table>
            <a name="t-1105564866.2" />
            <h3>Scenario: Verify sort by filter options (in SnapDealTestProject, SnapDeal) retry #2</h3>
                <div class="description">
                    tags: Search, Cart, SnapDeal, Search
                </div>
            <ul>
                <li>Status: Failed</li>
                <li>Start time: 7/27/2022 3:55:43 PM</li>
                <li>Execution time (sec): 25.4893664</li>
                <li>Thread: #0</li>
                <li>Error: unknown error: unexpected command response
  (Session info: chrome=103.0.5060.134)</li>
            </ul>
            <table class="testEvents">
                <tr>
                    <th>Steps</th>
                    <th>Trace</th>
                    <th>Result</th>
                </tr>
                    <tr>
                        <td>
                            <pre class="log"></pre>
                        </td>
                        <td>
                            <!-- [TestArrange: Scenario - Verify sort by filter options] -->
                            <pre class="log">path is: C:\BDDPracticeFramework\SnapDealTestProject</pre>
                        </td>
                        <td>Succeeded in 5.056s</td>
                    </tr>
                    <tr>
                        <td>
                            <pre class="log">Given I Open SnapDeal site</pre>
                        </td>
                        <td>
                            <!-- [TestArrange: Scenario - Verify sort by filter options] -->
                            <pre class="log">done: SnapDealStepDefinitions.GivenIOpenSnapDealSite() (4.7s)</pre>
                        </td>
                        <td>Succeeded in 4.726s</td>
                    </tr>
                    <tr>
                        <td>
                            <pre class="log">Then I verify search bar is displayed</pre>
                        </td>
                        <td>
                            <!-- [TestAssert: Scenario - Verify sort by filter options] -->
                            <pre class="log">done: SnapDealStepDefinitions.ThenIVerifySearchBarIsDisplayed() (0.5s)</pre>
                        </td>
                        <td>Succeeded in 0.516s</td>
                    </tr>
                    <tr>
                        <td>
                            <pre class="log">When I search for &#39;Perfumes&#39;</pre>
                        </td>
                        <td>
                            <!-- [TestAct: Scenario - Verify sort by filter options] -->
                            <pre class="log">error: unknown error: unexpected command response
  (Session info: chrome=103.0.5060.134) (7.5s)</pre>
                                <div class="errorMessage">unknown error: unexpected command response
  (Session info: chrome=103.0.5060.134)</div>
                                <pre class="stackTrace">OpenQA.Selenium.WebDriverException: unknown error: unexpected command response
  (Session info: chrome=103.0.5060.134)
   at OpenQA.Selenium.WebDriver.UnpackAndThrowOnError(Response errorResponse)
   at OpenQA.Selenium.WebDriver.Execute(String driverCommandToExecute, Dictionary`2 parameters)
   at OpenQA.Selenium.WebDriver.InternalExecute(String driverCommandToExecute, Dictionary`2 parameters)
   at OpenQA.Selenium.WebElement.Execute(String commandToExecute, Dictionary`2 parameters)
   at OpenQA.Selenium.WebElement.Click()
   at SnapDealTestProject.Library.Extensions.DriverExtensions.Click(By elementBy) in C:\BDDPracticeFramework\SnapDealTestProject\Library\DriverExtensions\ClickExtensions.cs:line 16
   at SnapDealTestProject.Components.HeaderComponent.ClickSearchButton[T]() in C:\BDDPracticeFramework\SnapDealTestProject\Components\HeaderComponent.cs:line 82
   at SnapDealTestProject.Components.HeaderComponent.EnterSearchQueryAndClickSearch[T](String searchText) in C:\BDDPracticeFramework\SnapDealTestProject\Components\HeaderComponent.cs:line 43
   at SnapDealTestProject.Steps.SnapDealStepDefinitions.WhenISearchFor(String product) in C:\BDDPracticeFramework\SnapDealTestProject\Steps\SnapDealStepDefinitions.cs:line 34
   at lambda_method(Closure , IContextManager , String )
   at TechTalk.SpecFlow.Bindings.BindingInvoker.InvokeBinding(IBinding binding, IContextManager contextManager, Object[] arguments, ITestTracer testTracer, TimeSpan&amp; duration)
   at ReportPortal.SpecFlowPlugin.SafeBindingInvoker.InvokeBinding(IBinding binding, IContextManager contextManager, Object[] arguments, ITestTracer testTracer, TimeSpan&amp; duration)
   at ReportPortal.SpecFlowPlugin.SafeBindingInvoker.InvokeBinding(IBinding binding, IContextManager contextManager, Object[] arguments, ITestTracer testTracer, TimeSpan&amp; duration)
   at TechTalk.SpecFlow.Infrastructure.TestExecutionEngine.ExecuteStepMatch(BindingMatch match, Object[] arguments, TimeSpan&amp; duration)
   at TechTalk.SpecRun.SpecFlowPlugin.Runtime.RunnerTestExecutionEngine.ExecuteStepMatch(BindingMatch match, Object[] arguments, TimeSpan&amp; duration)
   at TechTalk.SpecFlow.Infrastructure.TestExecutionEngine.ExecuteStep(IContextManager contextManager, StepInstance stepInstance)
   at TechTalk.SpecFlow.Infrastructure.TestExecutionEngine.OnAfterLastStep()
   at TechTalk.SpecRun.SpecFlowPlugin.Runtime.RunnerTestExecutionEngine.OnAfterLastStep()
   at TechTalk.SpecFlow.TestRunner.CollectScenarioErrors()
   at SnapDealTestProject.Features.SnapDealFeature.ScenarioCleanup()
   at SnapDealTestProject.Features.SnapDealFeature.VerifySortByFilterOptions() in C:\BDDPracticeFramework\SnapDealTestProject\Features\SnapDeal.feature:line 11
   at TechTalk.SpecRun.Framework.TaskExecutors.StaticOrInstanceMethodExecutor.ExecuteInternal(ITestThreadExecutionContext testThreadExecutionContext)
   at TechTalk.SpecRun.Framework.TaskExecutors.StaticOrInstanceMethodExecutor.Execute(ITestThreadExecutionContext testThreadExecutionContext)
   at TechTalk.SpecRun.Framework.TestNodeTask.Execute()</pre>
                        </td>
                        <td>Failed in 7.462s</td>
                    </tr>
                    <tr>
                        <td>
                            <pre class="log">Then I verify menu icon displayed</pre>
                        </td>
                        <td>
                            <!-- [TestAssert: Scenario - Verify sort by filter options] -->
                            <pre class="log">skipped because of previous errors</pre>
                        </td>
                        <td>Skipped in 0.004s</td>
                    </tr>
                    <tr>
                        <td>
                            <pre class="log">When I apply &#39;Price Low To High&#39; SortBy filter</pre>
                        </td>
                        <td>
                            <!-- [TestAct: Scenario - Verify sort by filter options] -->
                            <pre class="log">skipped because of previous errors</pre>
                        </td>
                        <td>Skipped in 0.002s</td>
                    </tr>
                    <tr>
                        <td>
                            <pre class="log">Then I verify &#39;Price Low To High&#39; SortBy filter is applied</pre>
                        </td>
                        <td>
                            <!-- [TestAssert: Scenario - Verify sort by filter options] -->
                            <pre class="log">skipped because of previous errors</pre>
                        </td>
                        <td>Skipped in 0.003s</td>
                    </tr>
                    <tr>
                        <td>
                            <pre class="log"></pre>
                        </td>
                        <td>
                            <!-- [Cleanup: Scenario - Verify sort by filter options] -->
                            <pre class="log">path is: C:\BDDPracticeFramework\SnapDealTestProject</pre>
                        </td>
                        <td>Succeeded in 7.716s</td>
                    </tr>
            </table>
            <a name="t931538385.0" />
            <h3>Scenario: Verify SnapDeal home page has all neceesary icons (in SnapDealTestProject, SnapDeal)</h3>
                <div class="description">
                    tags: HomePageIcons, SnapDeal, Search
                </div>
            <ul>
                <li>Status: Succeeded</li>
                <li>Start time: 7/27/2022 3:56:08 PM</li>
                <li>Execution time (sec): 12.8164224</li>
                <li>Thread: #0</li>
            </ul>
            <table class="testEvents">
                <tr>
                    <th>Steps</th>
                    <th>Trace</th>
                    <th>Result</th>
                </tr>
                    <tr>
                        <td>
                            <pre class="log"></pre>
                        </td>
                        <td>
                            <!-- [TestArrange: Scenario - Verify SnapDeal home page has all neceesary icons] -->
                            <pre class="log">path is: C:\BDDPracticeFramework\SnapDealTestProject</pre>
                        </td>
                        <td>Succeeded in 5.966s</td>
                    </tr>
                    <tr>
                        <td>
                            <pre class="log">Given I Open SnapDeal site</pre>
                        </td>
                        <td>
                            <!-- [TestArrange: Scenario - Verify SnapDeal home page has all neceesary icons] -->
                            <pre class="log">done: SnapDealStepDefinitions.GivenIOpenSnapDealSite() (4.5s)</pre>
                        </td>
                        <td>Succeeded in 4.49s</td>
                    </tr>
                    <tr>
                        <td>
                            <pre class="log">Then I verify the icons displayed on the home page</pre>
                        </td>
                        <td>
                            <!-- [TestAssert: Scenario - Verify SnapDeal home page has all neceesary icons] -->
                            <pre class="log">done: SnapDealStepDefinitions.ThenIVerifyTheIconsDisplayedOnTheHomePage() (1.7s)</pre>
                        </td>
                        <td>Succeeded in 1.681s</td>
                    </tr>
            </table>
	</body>
</html>