2022-07-27T13:55:07.7470861+05:30;VSTestExecutionThread;Info;SpecFlow+Runner execution started
2022-07-27T13:55:07.7470861+05:30;VSTestExecutionThread;Info;SpecFlow+Runner 3.9.31 in Framework clr40 in x86 mode execution started
2022-07-27T13:55:07.7470861+05:30;VSTestExecutionThread;Info;TestAdapter Location: C:\BDDPracticeFramework\SnapDealTestProject\bin\Debug\net48\TechTalk.SpecRun.VisualStudio.TestAdapter.dll
2022-07-27T13:55:07.7470861+05:30;VSTestExecutionThread;Info;Current UserName: 'C278249', MachineName: 'USE2DEVP00496'
2022-07-27T13:55:07.8060861+05:30;VSTestExecutionThread;Info;SpecRun: running tests in C:\BDDPracticeFramework\SnapDealTestProject\bin\Debug\net48\SnapDealTestProject.dll
2022-07-27T13:55:07.8060861+05:30;VSTestExecutionThread;Info;Output folder configured to "C:\BDDPracticeFramework\SnapDealTestProject\TestResults" (default)
2022-07-27T13:55:07.8060861+05:30;VSTestExecutionThread;Info;Profile: 
2022-07-27T13:55:07.8400885+05:30;VSTestExecutionThread;Info;Log file path: C:\BDDPracticeFramework\SnapDealTestProject\TestResults\Unnamed project__2022-07-27T135507.log
2022-07-27T13:55:07.8460881+05:30;Thread#10;Info;Checking activation
2022-07-27T13:55:07.8620862+05:30;Thread#10;Info;Activation check completed
2022-07-27T13:55:07.8620862+05:30;Thread#10;Info;Starting test run
2022-07-27T13:55:08.1610870+05:30;Thread#10;Info;Discovering target: Default
2022-07-27T13:55:08.1620863+05:30;Thread#10;Info;Discovering tests from assembly: C:\BDDPracticeFramework\SnapDealTestProject\bin\Debug\net48\SnapDealTestProject.dll
2022-07-27T13:55:08.2610871+05:30;Thread#10;Info;Discovered tests from assembly: C:\BDDPracticeFramework\SnapDealTestProject\bin\Debug\net48\SnapDealTestProject.dll
2022-07-27T13:55:08.2620886+05:30:Test Suite Dump
2022-07-27T13:55:08.2640892+05:30:#0: Unnamed project/ - 
2022-07-27T13:55:08.2640892+05:30:#1: Default - 
2022-07-27T13:55:08.2640892+05:30:#2: SnapDealTestProject - 
2022-07-27T13:55:08.2640892+05:30:#3: SnapDeal - 
2022-07-27T13:55:08.2820891+05:30:#4: Verify sort by filter options - TestAssembly:SnapDealTestProject/Feature:SnapDeal/Scenario:Verify+sort+by+filter+options
2022-07-27T13:55:08.2830880+05:30:#5: Verify SnapDeal home page has all neceesary icons - TestAssembly:SnapDealTestProject/Feature:SnapDeal/Scenario:Verify+SnapDeal+home+page+has+all+neceesary+icons
2022-07-27T13:55:08.2830880+05:30:End: Test Suite Dump
2022-07-27T13:55:08.3230861+05:30:Thread#0:Scheduler: get next test for thread 0
2022-07-27T13:55:08.3260870+05:30:Thread#:Scheduler: testitem #4 from normal test queue 
2022-07-27T13:55:08.3260870+05:30:Thread#0:Scheduler: considering testitem #4 for thread 0
2022-07-27T13:55:08.3350854+05:30:Thread#0:TestItem#4:testItemMatchesCurrentTestThread:UnSpecific
2022-07-27T13:55:08.3350854+05:30:Thread#0:TestItem#4:runsOnOneOtherThreadSpecific:False
2022-07-27T13:55:08.3350854+05:30:Thread#0:TestItem#4:runsOnOneOtherThreadUnspecific:False
2022-07-27T13:55:08.3350854+05:30:Thread#0:Scheduler: using testitem #4 for thread 0
2022-07-27T13:55:08.3370851+05:30:Thread#0:Scheduler: Test #4 is scheduled for thread
2022-07-27T13:55:08.3380853+05:30:Thread#0:Scheduler: with testItemExecutionIndex 0
2022-07-27T13:55:08.3420885+05:30:Thread #0: creating new test thread executor for SnapDealTestProject, Version=1.0.0.0, Culture=neutral, PublicKeyToken=null (target: Default)
2022-07-27T13:55:08.3530878+05:30:Thread #0: Creating test assembly executor for execution model AppDomain
2022-07-27T13:55:08.3670848+05:30:Thread #0: Creating test assembly executor for execution model AppDomain
2022-07-27T13:55:08.3690853+05:30:Thread #0: using TechTalk.SpecRun.Framework.Execution.InProcess.InProcAppDomainTestAssemblyExecutorHost to execute tests
2022-07-27T13:55:08.7130853+05:30:Thread#0:T:-> Loading plugin C:\BDDPracticeFramework\SnapDealTestProject\bin\Debug\net48\LivingDoc.SpecFlowPlugin.dll
2022-07-27T13:55:08.7270892+05:30:Thread#0:T:-> Loading plugin C:\BDDPracticeFramework\SnapDealTestProject\bin\Debug\net48\ReportPortal.SpecFlowPlugin.dll
2022-07-27T13:55:08.7570871+05:30:Thread#0:T:-> Loading plugin C:\BDDPracticeFramework\SnapDealTestProject\bin\Debug\net48\SpecRun.Runtime.SpecFlowPlugin.dll
2022-07-27T13:55:08.7640882+05:30:Thread#0:T:-> Loading plugin C:\BDDPracticeFramework\SnapDealTestProject\bin\Debug\net48\SnapDealTestProject.dll
2022-07-27T13:55:08.7820843+05:30:Thread#0:T:-> Using default config
2022-07-27T13:55:09.1950892+05:30:Thread#0: Test #4/0 is started on thread #0
2022-07-27T13:55:09.2600901+05:30:Thread#0:T:path is: C:\BDDPracticeFramework\SnapDealTestProject
2022-07-27T13:55:13.5573413+05:30:Thread#0:B:Given I Open SnapDeal site
2022-07-27T13:56:13.6240668+05:30:Thread#0:T:error: The HTTP request to the remote WebDriver server for URL http://localhost:63990/session/26769195929ff1b29a6d011dbbac7ad6/url timed out after 60 seconds. (60.0s)
2022-07-27T13:56:13.6310628+05:30:Thread#0:B:Then I verify search bar is displayed
2022-07-27T13:56:13.6320630+05:30:Thread#0:T:skipped because of previous errors
2022-07-27T13:56:13.6390646+05:30:Thread#0:B:When I search for 'Perfumes'
2022-07-27T13:56:13.6400632+05:30:Thread#0:T:skipped because of previous errors
2022-07-27T13:56:13.6400632+05:30:Thread#0:B:Then I verify menu icon displayed
2022-07-27T13:56:13.6400632+05:30:Thread#0:T:skipped because of previous errors
2022-07-27T13:56:13.6410641+05:30:Thread#0:B:When I apply 'Price Low To High' SortBy filter
2022-07-27T13:56:13.6430635+05:30:Thread#0:T:skipped because of previous errors
2022-07-27T13:56:13.6430635+05:30:Thread#0:B:Then I verify 'Price Low To High' SortBy filter is applied
2022-07-27T13:56:13.6440631+05:30:Thread#0:T:skipped because of previous errors
2022-07-27T13:56:13.6721829+05:30:Thread#0:TestItem#4:Scheduler: reschedule tests for testitem #4
2022-07-27T13:56:13.6730683+05:30:Thread#0:Scheduler: get next test for thread 0
2022-07-27T13:56:13.6730683+05:30:Thread#:Scheduler: dequeuing a rescheduled testitem: #4
2022-07-27T13:56:13.6730683+05:30:Thread#0:Scheduler: considering testitem #4 for thread 0
2022-07-27T13:56:13.6730683+05:30:Thread#0:TestItem#4:testItemMatchesCurrentTestThread:UnSpecific
2022-07-27T13:56:13.6730683+05:30:Thread#0:TestItem#4:runsOnOneOtherThreadSpecific:False
2022-07-27T13:56:13.6730683+05:30:Thread#0:TestItem#4:runsOnOneOtherThreadUnspecific:False
2022-07-27T13:56:13.6741492+05:30:Thread#0:Scheduler: using testitem #4 for thread 0
2022-07-27T13:56:13.6741492+05:30:Thread#0:Scheduler: Test #4 is scheduled for thread
2022-07-27T13:56:13.6741492+05:30:Thread#0:Scheduler: with testItemExecutionIndex 1
2022-07-27T13:56:13.6772038+05:30:Thread#0:T:path is: C:\BDDPracticeFramework\SnapDealTestProject
2022-07-27T13:57:13.6963864+05:30:Thread#0:T:OpenQA.Selenium.WebDriverException: The HTTP request to the remote WebDriver server for URL http://localhost:63990/session/26769195929ff1b29a6d011dbbac7ad6/screenshot timed out after 60 seconds. ---> System.Threading.Tasks.TaskCanceledException: A task was canceled.
2022-07-27T13:57:13.6963864+05:30:Thread#0:T:   at System.Runtime.CompilerServices.TaskAwaiter.ThrowForNonSuccess(Task task)
2022-07-27T13:57:13.6973858+05:30:Thread#0:T:   at System.Runtime.CompilerServices.TaskAwaiter.HandleNonSuccessAndDebuggerNotification(Task task)
2022-07-27T13:57:13.6973858+05:30:Thread#0:T:   at System.Runtime.CompilerServices.TaskAwaiter`1.GetResult()
2022-07-27T13:57:13.6973858+05:30:Thread#0:T:   at OpenQA.Selenium.Remote.HttpCommandExecutor.<MakeHttpRequest>d__35.MoveNext()
2022-07-27T13:57:13.6973858+05:30:Thread#0:T:--- End of stack trace from previous location where exception was thrown ---
2022-07-27T13:57:13.6973858+05:30:Thread#0:T:   at System.Runtime.CompilerServices.TaskAwaiter.ThrowForNonSuccess(Task task)
2022-07-27T13:57:13.6973858+05:30:Thread#0:T:   at System.Runtime.CompilerServices.TaskAwaiter.HandleNonSuccessAndDebuggerNotification(Task task)
2022-07-27T13:57:13.6973858+05:30:Thread#0:T:   at System.Runtime.CompilerServices.TaskAwaiter`1.GetResult()
2022-07-27T13:57:13.6973858+05:30:Thread#0:T:   at OpenQA.Selenium.Remote.HttpCommandExecutor.Execute(Command commandToExecute)
2022-07-27T13:57:13.6973858+05:30:Thread#0:T:   --- End of inner exception stack trace ---
2022-07-27T13:57:13.6973858+05:30:Thread#0:T:   at OpenQA.Selenium.Remote.HttpCommandExecutor.Execute(Command commandToExecute)
2022-07-27T13:57:13.6983862+05:30:Thread#0:T:   at OpenQA.Selenium.Remote.DriverServiceCommandExecutor.Execute(Command commandToExecute)
2022-07-27T13:57:13.6983862+05:30:Thread#0:T:   at OpenQA.Selenium.WebDriver.Execute(String driverCommandToExecute, Dictionary`2 parameters)
2022-07-27T13:57:13.6983862+05:30:Thread#0:T:   at OpenQA.Selenium.WebDriver.GetScreenshot()
2022-07-27T13:57:13.6983862+05:30:Thread#0:T:   at SnapDealTestProject.Library.Extensions.DriverExtensions.GetScreenshot(String path) in C:\BDDPracticeFramework\SnapDealTestProject\Library\DriverExtensions\WebDriverExtensions.cs:line 112
2022-07-27T13:57:13.6983862+05:30:Thread#0:T:   at SnapDealTestProject.Hooks.Base.TearDown() in C:\BDDPracticeFramework\SnapDealTestProject\Hooks\Base.cs:line 46
